C:\USERS\AHEMEDALAAHAGAG\DOCUMENTS\VISUAL STUDIO 2010\PROJECTS\COLLAGE\DC\PSO ALGORITHM\DEBUG\PSO ALGORITHM.EXE
C:\USERS\AHEMEDALAAHAGAG\DOCUMENTS\VISUAL STUDIO 2010\PROJECTS\COLLAGE\DC\PSO ALGORITHM\DEBUG\PSO ALGORITHM.ILK
C:\USERS\AHEMEDALAAHAGAG\DOCUMENTS\VISUAL STUDIO 2010\PROJECTS\COLLAGE\DC\PSO ALGORITHM\DEBUG\PSO ALGORITHM.PDB
C:\USERS\AHEMEDALAAHAGAG\DOCUMENTS\VISUAL STUDIO 2010\PROJECTS\COLLAGE\DC\PSO ALGORITHM\PSO ALGORITHM\DEBUG\MAIN.OBJ
C:\USERS\AHEMEDALAAHAGAG\DOCUMENTS\VISUAL STUDIO 2010\PROJECTS\COLLAGE\DC\PSO ALGORITHM\PSO ALGORITHM\DEBUG\PARTICLE.OBJ
C:\USERS\AHEMEDALAAHAGAG\DOCUMENTS\VISUAL STUDIO 2010\PROJECTS\COLLAGE\DC\PSO ALGORITHM\PSO ALGORITHM\DEBUG\PSO ALGORITHM.EXE.EMBED.MANIFEST
C:\USERS\AHEMEDALAAHAGAG\DOCUMENTS\VISUAL STUDIO 2010\PROJECTS\COLLAGE\DC\PSO ALGORITHM\PSO ALGORITHM\DEBUG\PSO ALGORITHM.EXE.EMBED.MANIFEST.RES
C:\USERS\AHEMEDALAAHAGAG\DOCUMENTS\VISUAL STUDIO 2010\PROJECTS\COLLAGE\DC\PSO ALGORITHM\PSO ALGORITHM\DEBUG\PSO ALGORITHM.EXE.INTERMEDIATE.MANIFEST
C:\USERS\AHEMEDALAAHAGAG\DOCUMENTS\VISUAL STUDIO 2010\PROJECTS\COLLAGE\DC\PSO ALGORITHM\PSO ALGORITHM\DEBUG\SAMPLESPACE.OBJ
C:\USERS\AHEMEDALAAHAGAG\DOCUMENTS\VISUAL STUDIO 2010\PROJECTS\COLLAGE\DC\PSO ALGORITHM\PSO ALGORITHM\DEBUG\VC100.PDB
E:\Collection\Programming Backup\My Projects\College Work\4th Year\2nd Semester\DC Project\Downloads\PSO Algorithm\Debug\PSO Algorithm.exe
E:\Collection\Programming Backup\My Projects\College Work\4th Year\2nd Semester\DC Project\Downloads\PSO Algorithm\Debug\PSO Algorithm.ilk
E:\Collection\Programming Backup\My Projects\College Work\4th Year\2nd Semester\DC Project\Downloads\PSO Algorithm\Debug\PSO Algorithm.pdb
E:\Collection\Programming Backup\My Projects\College Work\4th Year\2nd Semester\DC Project\Downloads\PSO Algorithm\PSO Algorithm\Debug\cl.command.1.tlog
E:\Collection\Programming Backup\My Projects\College Work\4th Year\2nd Semester\DC Project\Downloads\PSO Algorithm\PSO Algorithm\Debug\CL.read.1.tlog
E:\Collection\Programming Backup\My Projects\College Work\4th Year\2nd Semester\DC Project\Downloads\PSO Algorithm\PSO Algorithm\Debug\CL.write.1.tlog
E:\Collection\Programming Backup\My Projects\College Work\4th Year\2nd Semester\DC Project\Downloads\PSO Algorithm\PSO Algorithm\Debug\link.1232.read.1.tlog
E:\Collection\Programming Backup\My Projects\College Work\4th Year\2nd Semester\DC Project\Downloads\PSO Algorithm\PSO Algorithm\Debug\link.1232.write.1.tlog
E:\Collection\Programming Backup\My Projects\College Work\4th Year\2nd Semester\DC Project\Downloads\PSO Algorithm\PSO Algorithm\Debug\link.1232-cvtres.read.1.tlog
E:\Collection\Programming Backup\My Projects\College Work\4th Year\2nd Semester\DC Project\Downloads\PSO Algorithm\PSO Algorithm\Debug\link.1232-cvtres.write.1.tlog
E:\Collection\Programming Backup\My Projects\College Work\4th Year\2nd Semester\DC Project\Downloads\PSO Algorithm\PSO Algorithm\Debug\link.2372.read.1.tlog
E:\Collection\Programming Backup\My Projects\College Work\4th Year\2nd Semester\DC Project\Downloads\PSO Algorithm\PSO Algorithm\Debug\link.2372.write.1.tlog
E:\Collection\Programming Backup\My Projects\College Work\4th Year\2nd Semester\DC Project\Downloads\PSO Algorithm\PSO Algorithm\Debug\link.2372-cvtres.read.1.tlog
E:\Collection\Programming Backup\My Projects\College Work\4th Year\2nd Semester\DC Project\Downloads\PSO Algorithm\PSO Algorithm\Debug\link.2372-cvtres.write.1.tlog
E:\Collection\Programming Backup\My Projects\College Work\4th Year\2nd Semester\DC Project\Downloads\PSO Algorithm\PSO Algorithm\Debug\link.3960.read.1.tlog
E:\Collection\Programming Backup\My Projects\College Work\4th Year\2nd Semester\DC Project\Downloads\PSO Algorithm\PSO Algorithm\Debug\link.3960.write.1.tlog
E:\Collection\Programming Backup\My Projects\College Work\4th Year\2nd Semester\DC Project\Downloads\PSO Algorithm\PSO Algorithm\Debug\link.3960-cvtres.read.1.tlog
E:\Collection\Programming Backup\My Projects\College Work\4th Year\2nd Semester\DC Project\Downloads\PSO Algorithm\PSO Algorithm\Debug\link.3960-cvtres.write.1.tlog
E:\Collection\Programming Backup\My Projects\College Work\4th Year\2nd Semester\DC Project\Downloads\PSO Algorithm\PSO Algorithm\Debug\link.5668.read.1.tlog
E:\Collection\Programming Backup\My Projects\College Work\4th Year\2nd Semester\DC Project\Downloads\PSO Algorithm\PSO Algorithm\Debug\link.5668.write.1.tlog
E:\Collection\Programming Backup\My Projects\College Work\4th Year\2nd Semester\DC Project\Downloads\PSO Algorithm\PSO Algorithm\Debug\link.5668-cvtres.read.1.tlog
E:\Collection\Programming Backup\My Projects\College Work\4th Year\2nd Semester\DC Project\Downloads\PSO Algorithm\PSO Algorithm\Debug\link.5668-cvtres.write.1.tlog
E:\Collection\Programming Backup\My Projects\College Work\4th Year\2nd Semester\DC Project\Downloads\PSO Algorithm\PSO Algorithm\Debug\link.command.1.tlog
E:\Collection\Programming Backup\My Projects\College Work\4th Year\2nd Semester\DC Project\Downloads\PSO Algorithm\PSO Algorithm\Debug\link.read.1.tlog
E:\Collection\Programming Backup\My Projects\College Work\4th Year\2nd Semester\DC Project\Downloads\PSO Algorithm\PSO Algorithm\Debug\link.write.1.tlog
E:\Collection\Programming Backup\My Projects\College Work\4th Year\2nd Semester\DC Project\Downloads\PSO Algorithm\PSO Algorithm\Debug\link-cvtres.read.1.tlog
E:\Collection\Programming Backup\My Projects\College Work\4th Year\2nd Semester\DC Project\Downloads\PSO Algorithm\PSO Algorithm\Debug\link-cvtres.write.1.tlog
E:\Collection\Programming Backup\My Projects\College Work\4th Year\2nd Semester\DC Project\Downloads\PSO Algorithm\PSO Algorithm\Debug\Main.obj
E:\Collection\Programming Backup\My Projects\College Work\4th Year\2nd Semester\DC Project\Downloads\PSO Algorithm\PSO Algorithm\Debug\mt.command.1.tlog
E:\Collection\Programming Backup\My Projects\College Work\4th Year\2nd Semester\DC Project\Downloads\PSO Algorithm\PSO Algorithm\Debug\mt.read.1.tlog
E:\Collection\Programming Backup\My Projects\College Work\4th Year\2nd Semester\DC Project\Downloads\PSO Algorithm\PSO Algorithm\Debug\mt.write.1.tlog
E:\Collection\Programming Backup\My Projects\College Work\4th Year\2nd Semester\DC Project\Downloads\PSO Algorithm\PSO Algorithm\Debug\Particle.obj
E:\Collection\Programming Backup\My Projects\College Work\4th Year\2nd Semester\DC Project\Downloads\PSO Algorithm\PSO Algorithm\Debug\PSO Algorithm.exe.embed.manifest
E:\Collection\Programming Backup\My Projects\College Work\4th Year\2nd Semester\DC Project\Downloads\PSO Algorithm\PSO Algorithm\Debug\PSO Algorithm.exe.embed.manifest.res
E:\Collection\Programming Backup\My Projects\College Work\4th Year\2nd Semester\DC Project\Downloads\PSO Algorithm\PSO Algorithm\Debug\PSO Algorithm.exe.intermediate.manifest
E:\Collection\Programming Backup\My Projects\College Work\4th Year\2nd Semester\DC Project\Downloads\PSO Algorithm\PSO Algorithm\Debug\PSO Algorithm.vcxprojResolveAssemblyReference.cache
E:\Collection\Programming Backup\My Projects\College Work\4th Year\2nd Semester\DC Project\Downloads\PSO Algorithm\PSO Algorithm\Debug\PSO Algorithm.write.1.tlog
E:\Collection\Programming Backup\My Projects\College Work\4th Year\2nd Semester\DC Project\Downloads\PSO Algorithm\PSO Algorithm\Debug\PSO Algorithm_manifest.rc
E:\Collection\Programming Backup\My Projects\College Work\4th Year\2nd Semester\DC Project\Downloads\PSO Algorithm\PSO Algorithm\Debug\rc.command.1.tlog
E:\Collection\Programming Backup\My Projects\College Work\4th Year\2nd Semester\DC Project\Downloads\PSO Algorithm\PSO Algorithm\Debug\rc.read.1.tlog
E:\Collection\Programming Backup\My Projects\College Work\4th Year\2nd Semester\DC Project\Downloads\PSO Algorithm\PSO Algorithm\Debug\rc.write.1.tlog
E:\Collection\Programming Backup\My Projects\College Work\4th Year\2nd Semester\DC Project\Downloads\PSO Algorithm\PSO Algorithm\Debug\SampleSpace.obj
E:\Collection\Programming Backup\My Projects\College Work\4th Year\2nd Semester\DC Project\Downloads\PSO Algorithm\PSO Algorithm\Debug\vc100.idb
E:\Collection\Programming Backup\My Projects\College Work\4th Year\2nd Semester\DC Project\Downloads\PSO Algorithm\PSO Algorithm\Debug\vc100.pdb
E:\DOWNLOADS\PSO ALGORITHM\DEBUG\PSO ALGORITHM.EXE
E:\DOWNLOADS\PSO ALGORITHM\DEBUG\PSO ALGORITHM.ILK
E:\DOWNLOADS\PSO ALGORITHM\DEBUG\PSO ALGORITHM.PDB
E:\DOWNLOADS\PSO ALGORITHM\PSO ALGORITHM\DEBUG\MAIN.OBJ
E:\DOWNLOADS\PSO ALGORITHM\PSO ALGORITHM\DEBUG\PARTICLE.OBJ
E:\DOWNLOADS\PSO ALGORITHM\PSO ALGORITHM\DEBUG\PSO ALGORITHM.EXE.EMBED.MANIFEST.RES
E:\DOWNLOADS\PSO ALGORITHM\PSO ALGORITHM\DEBUG\PSO ALGORITHM.EXE.INTERMEDIATE.MANIFEST
E:\DOWNLOADS\PSO ALGORITHM\PSO ALGORITHM\DEBUG\SAMPLESPACE.OBJ
E:\DOWNLOADS\PSO ALGORITHM\PSO ALGORITHM\DEBUG\VC100.PDB
