#
# An unexpected error has been detected by Java Runtime Environment:
#
#  EXCEPTION_ACCESS_VIOLATION (0xc0000005) at pc=0x7a29f0fd, pid=2868, tid=6016
#
# Java VM: Java HotSpot(TM) Client VM (11.2-b01 mixed mode windows-x86)
# Problematic frame:
# C  [mcr.dll+0x2f0fd]
#
# If you would like to submit a bug report, please visit:
#   http://java.sun.com/webapps/bugreport/crash.jsp
# The crash happened outside the Java Virtual Machine in native code.
# See problematic frame for where to report the bug.
#

---------------  T H R E A D  ---------------

Current thread (0x06a8dc00):  JavaThread "main" [_thread_in_native, id=6016, stack(0x00440000,0x00c40000)]

siginfo: ExceptionCode=0xc0000005, reading address 0x00000030

Registers:
EAX=0x00000000, EBX=0x00000000, ECX=0x00c3ede0, EDX=0x77727094
ESP=0x00c3edd4, EBP=0x00c3edec, ESI=0x00c3f330, EDI=0x00000000
EIP=0x7a29f0fd, EFLAGS=0x00010202

Top of Stack: (sp=0x00c3edd4)
0x00c3edd4:   00000000 00000000 00000000 00c3f35c
0x00c3ede4:   7a2aa45b ffffffff 00c3edfc 7a2714c8
0x00c3edf4:   00000001 00de4160 00c3f368 7a2a412c
0x00c3ee04:   00de4160 00000001 7bbe579d 00000000
0x00c3ee14:   00000000 00000002 00000001 83eafa72
0x00c3ee24:   00000000 0003174c 000004b4 00000000
0x00c3ee34:   00c3eef0 77737978 00000003 00000000
0x00c3ee44:   00000002 00c3eeb0 00c3ee58 77737c14 

Instructions: (pc=0x7a29f0fd)
0x7a29f0ed:   8b 0d b8 5b 2c 7a e8 e8 a2 fd ff a1 28 5d 2c 7a
0x7a29f0fd:   8b 4f 30 3b c8 8b d8 75 06 80 7f 2d 00 75 65 85 


Stack: [0x00440000,0x00c40000],  sp=0x00c3edd4,  free space=8187k
Native frames: (J=compiled Java code, j=interpreted, Vv=VM code, C=native code)
C  [mcr.dll+0x2f0fd]
C  [mcr.dll+0x14c8]
C  [mcr.dll+0x3412c]
C  [mcr.dll+0x3453e]
C  [m_dispatcher.dll+0x780c]
C  [m_dispatcher.dll+0x7691]
C  [m_dispatcher.dll+0x4b02]
C  [m_dispatcher.dll+0x780c]
C  [m_dispatcher.dll+0x7691]
C  [m_interpreter.dll+0xa44c4]
C  [m_interpreter.dll+0x9ecc8]
C  [m_interpreter.dll+0xbf264]
C  [nativejmi.dll+0x2dd2]
C  [nativejmi.dll+0x3b15]
C  [nativejmi.dll+0x391a]
C  [nativejmi.dll+0x7cad]
C  [nativejmi.dll+0x7d73]
j  com.mathworks.jmi.NativeMatlab.SendMatlabMessage(Ljava/lang/Object;)Ljava/lang/Object;+0
j  com.mathworks.jmi.NativeMatlab.sendMatlabMessage(Ljava/lang/Object;)Ljava/lang/Object;+22
j  com.mathworks.jmi.MatlabLooper.sendMatlabMessage(Lcom/mathworks/services/message/MWMessage;)Ljava/lang/Object;+20
j  com.mathworks.jmi.Matlab.mtFevalConsoleOutput(Ljava/lang/String;[Ljava/lang/Object;I)Ljava/lang/Object;+58
j  com.mathworks.mde.desk.MLDesktop$9.run()V+14
j  com.mathworks.jmi.NativeMatlab.dispatchMTRequests(Z)V+50
v  ~StubRoutines::call_stub

Java frames: (J=compiled Java code, j=interpreted, Vv=VM code)
j  com.mathworks.jmi.NativeMatlab.SendMatlabMessage(Ljava/lang/Object;)Ljava/lang/Object;+0
j  com.mathworks.jmi.NativeMatlab.sendMatlabMessage(Ljava/lang/Object;)Ljava/lang/Object;+22
j  com.mathworks.jmi.MatlabLooper.sendMatlabMessage(Lcom/mathworks/services/message/MWMessage;)Ljava/lang/Object;+20
j  com.mathworks.jmi.Matlab.mtFevalConsoleOutput(Ljava/lang/String;[Ljava/lang/Object;I)Ljava/lang/Object;+58
j  com.mathworks.mde.desk.MLDesktop$9.run()V+14
j  com.mathworks.jmi.NativeMatlab.dispatchMTRequests(Z)V+50
v  ~StubRoutines::call_stub

---------------  P R O C E S S  ---------------

Java Threads: ( => current thread )
  0x1816f800 JavaThread "Image Fetcher 0" daemon [_thread_blocked, id=4984, stack(0x1aa80000,0x1ab00000)]
  0x1816ec00 JavaThread "Image Fetcher 3" daemon [_thread_blocked, id=4152, stack(0x18c70000,0x18cf0000)]
  0x1816e000 JavaThread "Active Reference Queue Daemon" daemon [_thread_blocked, id=3116, stack(0x19450000,0x194d0000)]
  0x1816dc00 JavaThread "Timer-10" daemon [_thread_blocked, id=5608, stack(0x18750000,0x187d0000)]
  0x1816d400 JavaThread "FelixPackageAdmin" daemon [_thread_blocked, id=4088, stack(0x186d0000,0x18750000)]
  0x1816d000 JavaThread "FelixStartLevel" daemon [_thread_blocked, id=5456, stack(0x18650000,0x186d0000)]
  0x1816c800 JavaThread "FelixDispatchQueue" [_thread_blocked, id=5460, stack(0x185d0000,0x18650000)]
  0x1816c400 JavaThread "Timer-9" daemon [_thread_blocked, id=4764, stack(0x18550000,0x185d0000)]
  0x17e34000 JavaThread "Timer-1" [_thread_blocked, id=4484, stack(0x18f80000,0x19000000)]
  0x17f9c000 JavaThread "TimerQueue" daemon [_thread_blocked, id=4852, stack(0x18f00000,0x18f80000)]
  0x152c4400 JavaThread "AWT-EventQueue-0" [_thread_blocked, id=2752, stack(0x18e80000,0x18f00000)]
  0x152c3c00 JavaThread "AWT-Shutdown" [_thread_blocked, id=2820, stack(0x15510000,0x15590000)]
  0x17bcf800 JavaThread "AWT-Windows" daemon [_thread_in_native, id=5172, stack(0x15590000,0x15610000)]
  0x17bcec00 JavaThread "Java2D Disposer" daemon [_thread_blocked, id=3168, stack(0x15490000,0x15510000)]
  0x15342000 JavaThread "Timer-0" [_thread_blocked, id=1776, stack(0x15170000,0x151f0000)]
  0x152b3c00 JavaThread "JMI Unnamed Thread" [_thread_in_native, id=2204, stack(0x03ed0000,0x046d0000)]
  0x06b3e000 JavaThread "Low Memory Detector" daemon [_thread_blocked, id=3744, stack(0x150f0000,0x15170000)]
  0x06b3cc00 JavaThread "CompilerThread0" daemon [_thread_blocked, id=4128, stack(0x167d0000,0x16fd0000)]
  0x06b2f000 JavaThread "Attach Listener" daemon [_thread_blocked, id=5744, stack(0x14c70000,0x14cf0000)]
  0x06b12800 JavaThread "Finalizer" daemon [_thread_blocked, id=5400, stack(0x14bf0000,0x14c70000)]
  0x06b11400 JavaThread "Reference Handler" daemon [_thread_blocked, id=5020, stack(0x14b70000,0x14bf0000)]
=>0x06a8dc00 JavaThread "main" [_thread_in_native, id=6016, stack(0x00440000,0x00c40000)]

Other Threads:
  0x06b0c000 VMThread [stack: 0x15fd0000,0x167d0000] [id=4064]
  0x06b3f400 WatcherThread [stack: 0x16fd0000,0x177d0000] [id=4844]

VM state:not at safepoint (normal execution)

VM Mutex/Monitor currently owned by a thread: None

Heap
 def new generation   total 14784K, used 11521K [0x08b70000, 0x09b70000, 0x0ab70000)
  eden space 13184K,  77% used [0x08b70000, 0x09574d70, 0x09850000)
  from space 1600K,  78% used [0x099e0000, 0x09b1b9e8, 0x09b70000)
  to   space 1600K,   0% used [0x09850000, 0x09850000, 0x099e0000)
 tenured generation   total 49152K, used 17535K [0x0ab70000, 0x0db70000, 0x10b70000)
   the space 49152K,  35% used [0x0ab70000, 0x0bc8fc70, 0x0bc8fe00, 0x0db70000)
 compacting perm gen  total 32768K, used 26700K [0x10b70000, 0x12b70000, 0x14b70000)
   the space 32768K,  81% used [0x10b70000, 0x12583190, 0x12583200, 0x12b70000)
No shared spaces configured.

Dynamic libraries:
0x00400000 - 0x00433000 	C:\Program Files\MATLAB\R2009b\bin\win32\matlab.exe
0x776e0000 - 0x7781c000 	C:\Windows\SYSTEM32\ntdll.dll
0x77090000 - 0x77164000 	C:\Windows\system32\kernel32.dll
0x758f0000 - 0x7593a000 	C:\Windows\system32\KERNELBASE.dll
0x7bae0000 - 0x7bb89000 	C:\Program Files\MATLAB\R2009b\bin\win32\libut.dll
0x76c40000 - 0x76c6a000 	C:\Windows\system32\imagehlp.dll
0x76e60000 - 0x76f0c000 	C:\Windows\system32\msvcrt.dll
0x75c20000 - 0x75cc0000 	C:\Windows\system32\ADVAPI32.dll
0x778d0000 - 0x778e9000 	C:\Windows\SYSTEM32\sechost.dll
0x76f10000 - 0x76fb1000 	C:\Windows\system32\RPCRT4.dll
0x778f0000 - 0x778f5000 	C:\Windows\system32\PSAPI.DLL
0x7c1c0000 - 0x7c1df000 	C:\Program Files\MATLAB\R2009b\bin\win32\LIBEXPAT.dll
0x70ff0000 - 0x7108b000 	C:\Windows\WinSxS\x86_microsoft.vc80.crt_1fc8b3b9a1e18e3b_8.0.50727.6195_none_d09154e044272b9a\MSVCR80.dll
0x7bf40000 - 0x7c028000 	C:\Program Files\MATLAB\R2009b\bin\win32\icuuc40.dll
0x7b5e0000 - 0x7b5e4000 	C:\Program Files\MATLAB\R2009b\bin\win32\icudt40.dll
0x7b5f0000 - 0x7b5fc000 	C:\Program Files\MATLAB\R2009b\bin\win32\icuio40.dll
0x7b830000 - 0x7b928000 	C:\Program Files\MATLAB\R2009b\bin\win32\icuin40.dll
0x72850000 - 0x728d7000 	C:\Windows\WinSxS\x86_microsoft.vc80.crt_1fc8b3b9a1e18e3b_8.0.50727.6195_none_d09154e044272b9a\MSVCP80.dll
0x76d90000 - 0x76e59000 	C:\Windows\system32\USER32.dll
0x77820000 - 0x7786e000 	C:\Windows\system32\GDI32.dll
0x77870000 - 0x7787a000 	C:\Windows\system32\LPK.dll
0x77170000 - 0x7720d000 	C:\Windows\system32\USP10.dll
0x786f0000 - 0x78728000 	C:\Program Files\MATLAB\R2009b\bin\win32\libmwfl.dll
0x7d390000 - 0x7d39e000 	C:\Program Files\MATLAB\R2009b\bin\win32\boost_date_time-vc80-mt-1_36.dll
0x7d280000 - 0x7d290000 	C:\Program Files\MATLAB\R2009b\bin\win32\boost_signals-vc80-mt-1_36.dll
0x7c710000 - 0x7c717000 	C:\Program Files\MATLAB\R2009b\bin\win32\boost_system-vc80-mt-1_36.dll
0x7b5d0000 - 0x7b5dc000 	C:\Program Files\MATLAB\R2009b\bin\win32\boost_thread-vc80-mt-1_36.dll
0x7bc10000 - 0x7be19000 	C:\Program Files\MATLAB\R2009b\bin\win32\libmwservices.dll
0x7bb90000 - 0x7bc0b000 	C:\Program Files\MATLAB\R2009b\bin\win32\libmx.dll
0x78bc0000 - 0x78bd3000 	C:\Program Files\MATLAB\R2009b\bin\win32\zlib1.dll
0x7be20000 - 0x7bf34000 	C:\Program Files\MATLAB\R2009b\bin\win32\libmwmathutil.dll
0x79cf0000 - 0x79d25000 	C:\Program Files\MATLAB\R2009b\bin\win32\mpath.dll
0x7c2c0000 - 0x7c2f0000 	C:\Program Files\MATLAB\R2009b\bin\win32\mlutil.dll
0x786a0000 - 0x786ce000 	C:\Program Files\MATLAB\R2009b\bin\win32\tbb.dll
0x6dd00000 - 0x6dd84000 	C:\Windows\WinSxS\x86_microsoft.windows.common-controls_6595b64144ccf1df_5.82.7601.17514_none_ec83dffa859149af\COMCTL32.dll
0x76bc0000 - 0x76c3b000 	C:\Windows\system32\comdlg32.dll
0x75bc0000 - 0x75c17000 	C:\Windows\system32\SHLWAPI.dll
0x75ec0000 - 0x76b0a000 	C:\Windows\system32\SHELL32.dll
0x732b0000 - 0x732c1000 	C:\Windows\system32\NETAPI32.dll
0x73260000 - 0x73269000 	C:\Windows\system32\netutils.dll
0x755c0000 - 0x755d9000 	C:\Windows\system32\srvcli.dll
0x731c0000 - 0x731cf000 	C:\Windows\system32\wkscli.dll
0x77890000 - 0x778c5000 	C:\Windows\system32\WS2_32.dll
0x77880000 - 0x77886000 	C:\Windows\system32\NSI.dll
0x7d560000 - 0x7d576000 	C:\Program Files\MATLAB\R2009b\bin\win32\boost_filesystem-vc80-mt-1_36.dll
0x7a270000 - 0x7a2d0000 	C:\Program Files\MATLAB\R2009b\bin\win32\mcr.dll
0x7b600000 - 0x7b64f000 	C:\Program Files\MATLAB\R2009b\bin\win32\iqm.dll
0x7a850000 - 0x7ad3b000 	C:\Program Files\MATLAB\R2009b\bin\win32\m_interpreter.dll
0x7b660000 - 0x7b66c000 	C:\Program Files\MATLAB\R2009b\bin\win32\libmex.dll
0x7a140000 - 0x7a1a4000 	C:\Program Files\MATLAB\R2009b\bin\win32\m_dispatcher.dll
0x7d1e0000 - 0x7d23e000 	C:\Program Files\MATLAB\R2009b\bin\win32\xmlcore.dll
0x79600000 - 0x797c2000 	C:\Program Files\MATLAB\R2009b\bin\win32\xerces-c_2_7.dll
0x7d4b0000 - 0x7d54d000 	C:\Program Files\MATLAB\R2009b\bin\win32\boost_regex-vc80-mt-1_36.dll
0x7a050000 - 0x7a0a7000 	C:\Program Files\MATLAB\R2009b\bin\win32\profiler.dll
0x7b6c0000 - 0x7b6de000 	C:\Program Files\MATLAB\R2009b\bin\win32\libmwmathrng.dll
0x78b40000 - 0x78b52000 	C:\Program Files\MATLAB\R2009b\bin\win32\m_pcodeio.dll
0x79cb0000 - 0x79ce7000 	C:\Program Files\MATLAB\R2009b\bin\win32\m_ir.dll
0x7a350000 - 0x7a843000 	C:\Program Files\MATLAB\R2009b\bin\win32\m_parser.dll
0x7b650000 - 0x7b65e000 	C:\Program Files\MATLAB\R2009b\bin\win32\ir_xfmr.dll
0x78730000 - 0x78891000 	C:\Program Files\MATLAB\R2009b\bin\win32\mcos.dll
0x7b6f0000 - 0x7b6fa000 	C:\Program Files\MATLAB\R2009b\bin\win32\mtok.dll
0x78b20000 - 0x78b36000 	C:\Program Files\MATLAB\R2009b\bin\win32\m_pcodegen.dll
0x78a90000 - 0x78aac000 	C:\Program Files\MATLAB\R2009b\bin\win32\bridge.dll
0x7b2c0000 - 0x7b344000 	C:\Program Files\MATLAB\R2009b\bin\win32\udd.dll
0x7c030000 - 0x7c128000 	C:\Program Files\MATLAB\R2009b\bin\win32\libmwgui.dll
0x78c20000 - 0x79034000 	C:\Program Files\MATLAB\R2009b\bin\win32\hg.dll
0x78ab0000 - 0x78ad7000 	C:\Program Files\MATLAB\R2009b\bin\win32\libmat.dll
0x7b930000 - 0x7bad5000 	C:\Program Files\MATLAB\R2009b\bin\win32\libhdf5.dll
0x79c20000 - 0x79c61000 	C:\Program Files\MATLAB\R2009b\bin\win32\jmi.dll
0x79920000 - 0x7994c000 	C:\Program Files\MATLAB\R2009b\bin\win32\libmwhardcopy.dll
0x79c70000 - 0x79ca9000 	C:\Program Files\MATLAB\R2009b\bin\win32\libuij.dll
0x785d0000 - 0x7869f000 	C:\Program Files\MATLAB\R2009b\bin\win32\hgdatatypes.dll
0x785a0000 - 0x785d0000 	C:\Program Files\MATLAB\R2009b\bin\win32\hgutils.dll
0x78ae0000 - 0x78b11000 	C:\Program Files\MATLAB\R2009b\bin\win32\libmwlapack.dll
0x7b680000 - 0x7b68e000 	C:\Program Files\MATLAB\R2009b\bin\win32\libmwbinder.dll
0x7b350000 - 0x7b5c4000 	C:\Program Files\MATLAB\R2009b\bin\win32\uiw.dll
0x7b730000 - 0x7b739000 	C:\Program Files\MATLAB\R2009b\bin\win32\uinone.dll
0x68480000 - 0x6858f000 	C:\Windows\WinSxS\x86_microsoft.vc80.mfc_1fc8b3b9a1e18e3b_8.0.50727.6195_none_cbf5e994470a1a8f\MFC80.DLL
0x71140000 - 0x71191000 	C:\Windows\system32\WINSPOOL.DRV
0x773c0000 - 0x7751c000 	C:\Windows\system32\ole32.dll
0x77210000 - 0x7729f000 	C:\Windows\system32\OLEAUT32.dll
0x7a2d0000 - 0x7a346000 	C:\Program Files\MATLAB\R2009b\bin\win32\udd_mi.dll
0x78b60000 - 0x78b73000 	C:\Program Files\MATLAB\R2009b\bin\win32\mwoles05.DLL
0x7a000000 - 0x7a045000 	C:\Program Files\MATLAB\R2009b\bin\win32\comcli.dll
0x6ebb0000 - 0x6ebcb000 	C:\Windows\WinSxS\x86_microsoft.vc80.atl_1fc8b3b9a1e18e3b_8.0.50727.6195_none_d1cb102c435421de\ATL80.DLL
0x7b6e0000 - 0x7b6eb000 	C:\Program Files\MATLAB\R2009b\bin\win32\mlautoregister.dll
0x76ba0000 - 0x76bbf000 	C:\Windows\system32\IMM32.DLL
0x76fc0000 - 0x7708c000 	C:\Windows\system32\MSCTF.dll
0x70790000 - 0x7079e000 	C:\Windows\WinSxS\x86_microsoft.vc80.mfcloc_1fc8b3b9a1e18e3b_8.0.50727.6195_none_03ce2c72205943d3\MFC80ENU.DLL
0x74590000 - 0x745d0000 	C:\Windows\system32\uxtheme.dll
0x75870000 - 0x7587b000 	C:\Windows\system32\profapi.dll
0x733c0000 - 0x733dc000 	C:\Windows\system32\iphlpapi.dll
0x73a80000 - 0x73a87000 	C:\Windows\system32\WINNSI.DLL
0x75170000 - 0x751b4000 	C:\Windows\system32\DNSAPI.dll
0x731f0000 - 0x73202000 	C:\Windows\system32\dhcpcsvc.DLL
0x731e0000 - 0x731ed000 	C:\Windows\system32\dhcpcsvc6.DLL
0x73990000 - 0x73993000 	C:\Windows\system32\icmp.Dll
0x757f0000 - 0x757fc000 	C:\Windows\system32\CRYPTBASE.dll
0x799c0000 - 0x79c16000 	C:\Program Files\MATLAB\R2009b\sys\java\jre\win32\jre\bin\client\jvm.dll
0x701e0000 - 0x70212000 	C:\Windows\system32\WINMM.dll
0x7c1e0000 - 0x7c236000 	C:\Program Files\MATLAB\R2009b\bin\win32\MSVCR71.dll
0x757a0000 - 0x757ec000 	C:\Windows\system32\apphelp.dll
0x694c0000 - 0x695ab000 	C:\Windows\system32\dbghelp.dll
0x73da0000 - 0x73db3000 	C:\Windows\system32\dwmapi.dll
0x7a100000 - 0x7a108000 	C:\Program Files\MATLAB\R2009b\sys\java\jre\win32\jre\bin\hpi.dll
0x7a120000 - 0x7a12c000 	C:\Program Files\MATLAB\R2009b\sys\java\jre\win32\jre\bin\verify.dll
0x78be0000 - 0x78bff000 	C:\Program Files\MATLAB\R2009b\sys\java\jre\win32\jre\bin\java.dll
0x7a130000 - 0x7a13f000 	C:\Program Files\MATLAB\R2009b\sys\java\jre\win32\jre\bin\zip.dll
0x034d0000 - 0x034d8000 	C:\Program Files\Internet Download Manager\idmmkb.dll
0x78b80000 - 0x78b98000 	C:\Program Files\MATLAB\R2009b\bin\win32\nativejava.dll
0x78ba0000 - 0x78bbf000 	C:\Program Files\MATLAB\R2009b\bin\win32\nativejmi.dll
0x7b720000 - 0x7b726000 	C:\Program Files\MATLAB\R2009b\bin\win32\nativeservices.dll
0x797d0000 - 0x7991a000 	C:\Program Files\MATLAB\R2009b\sys\java\jre\win32\jre\bin\awt.dll
0x7a1b0000 - 0x7a204000 	C:\Program Files\MATLAB\R2009b\sys\java\jre\win32\jre\bin\fontmanager.dll
0x78c00000 - 0x78c13000 	C:\Program Files\MATLAB\R2009b\sys\java\jre\win32\jre\bin\net.dll
0x752b0000 - 0x752ec000 	C:\Windows\system32\mswsock.dll
0x752a0000 - 0x752a6000 	C:\Windows\System32\wship6.dll
0x7a110000 - 0x7a119000 	C:\Program Files\MATLAB\R2009b\sys\java\jre\win32\jre\bin\nio.dll
0x752f0000 - 0x75306000 	C:\Windows\system32\CRYPTSP.dll
0x75090000 - 0x750cb000 	C:\Windows\system32\rsaenh.dll
0x74e90000 - 0x74ea7000 	C:\Windows\system32\USERENV.dll
0x73ce0000 - 0x73cf0000 	C:\Windows\system32\NLAapi.dll
0x6f920000 - 0x6f930000 	C:\Windows\system32\napinsp.dll
0x6f410000 - 0x6f422000 	C:\Windows\system32\pnrpnsp.dll
0x6f400000 - 0x6f40d000 	C:\Windows\system32\wshbth.dll
0x6f3f0000 - 0x6f3f8000 	C:\Windows\System32\winrnr.dll
0x72820000 - 0x72847000 	C:\Program Files\Common Files\Microsoft Shared\Windows Live\WLIDNSP.DLL
0x74dc0000 - 0x74dc5000 	C:\Windows\System32\wshtcpip.dll

VM Arguments:
jvm_args: -Xss512k -XX:PermSize=32m -Xms64m -XX:NewRatio=3 -XX:MaxPermSize=64m -Xmx128m -XX:MaxDirectMemorySize=1200000000 -Dsun.java2d.noddraw=true -Dsun.awt.nopixfmt=true -Xshare:off -Xrs -Djava.library.path=C:\Program Files\MATLAB\R2009b\bin\win32 vfprintf abort 
java_command: <unknown>
Launcher Type: generic

Environment Variables:
PATH=C:\Program Files\Common Files\Microsoft Shared\Windows Live;C:\Program Files\AMD APP\bin\x86;C:\Windows\system32;C:\Windows;C:\Windows\System32\Wbem;C:\Windows\System32\WindowsPowerShell\v1.0\;C:\Program Files\Broadcom\Broadcom 802.11 Network Adapter\Driver;C:\Program Files\ATI Technologies\ATI.ACE\Core-Static;c:\Program Files\Microsoft SQL Server\90\Tools\binn\;C:\Program Files\Windows Live\Shared;C:\Program Files\MATLAB\R2009b\runtime\win32;C:\Program Files\MATLAB\R2009b\bin;C:\Program Files\TortoiseSVN\bin;C:\Program Files\MPICH2\bin;C:\Program Files\MPICH2\bin
USERNAME=Ahmad
OS=Windows_NT
PROCESSOR_IDENTIFIER=x86 Family 6 Model 37 Stepping 5, GenuineIntel



---------------  S Y S T E M  ---------------

OS: Windows NT 6.1 Build 7601 Service Pack 1

CPU:total 4 (8 cores per cpu, 2 threads per core) family 6 model 5 stepping 5, cmov, cx8, fxsr, mmx, sse, sse2, sse3, ssse3, ht

Memory: 4k page, physical 3136320k(2167968k free), swap 4194303k(4194303k free)

vm_info: Java HotSpot(TM) Client VM (11.2-b01) for windows-x86 JRE (1.6.0_12-b04), built on Jan 17 2009 09:57:14 by "java_re" with MS VC++ 7.1

time: Sun Apr 29 00:19:10 2012
elapsed time: 30 seconds

