E:\Collection\Programming Backup\My Projects\College Work\4th Year\2nd Semester\DC Project\DC Labs Handout Backup\Distributed Computing\Debug\Distributed Computing.exe
E:\Collection\Programming Backup\My Projects\College Work\4th Year\2nd Semester\DC Project\DC Labs Handout Backup\Distributed Computing\Debug\Distributed Computing.ilk
E:\Collection\Programming Backup\My Projects\College Work\4th Year\2nd Semester\DC Project\DC Labs Handout Backup\Distributed Computing\Debug\Distributed Computing.pdb
E:\COLLECTION\PROGRAMMING BACKUP\MY PROJECTS\COLLEGE WORK\4TH YEAR\2ND SEMESTER\DC PROJECT\DC LABS HANDOUT BACKUP\DISTRIBUTED COMPUTING\DISTRIBUTED COMPUTING\DEBUG\ALI_SIMULATE_BROADCAST_CALL.OBJ
E:\COLLECTION\PROGRAMMING BACKUP\MY PROJECTS\COLLEGE WORK\4TH YEAR\2ND SEMESTER\DC PROJECT\DC LABS HANDOUT BACKUP\DISTRIBUTED COMPUTING\DISTRIBUTED COMPUTING\DEBUG\ARRAYPROCESSING_PARALLELCODE.OBJ
E:\COLLECTION\PROGRAMMING BACKUP\MY PROJECTS\COLLEGE WORK\4TH YEAR\2ND SEMESTER\DC PROJECT\DC LABS HANDOUT BACKUP\DISTRIBUTED COMPUTING\DISTRIBUTED COMPUTING\DEBUG\ARRAYPROCESSING_SERIALCODE.OBJ
E:\COLLECTION\PROGRAMMING BACKUP\MY PROJECTS\COLLEGE WORK\4TH YEAR\2ND SEMESTER\DC PROJECT\DC LABS HANDOUT BACKUP\DISTRIBUTED COMPUTING\DISTRIBUTED COMPUTING\DEBUG\BIGINT.OBJ
E:\Collection\Programming Backup\My Projects\College Work\4th Year\2nd Semester\DC Project\DC Labs Handout Backup\Distributed Computing\Distributed Computing\Debug\cl.command.1.tlog
E:\Collection\Programming Backup\My Projects\College Work\4th Year\2nd Semester\DC Project\DC Labs Handout Backup\Distributed Computing\Distributed Computing\Debug\CL.read.1.tlog
E:\Collection\Programming Backup\My Projects\College Work\4th Year\2nd Semester\DC Project\DC Labs Handout Backup\Distributed Computing\Distributed Computing\Debug\CL.write.1.tlog
E:\Collection\Programming Backup\My Projects\College Work\4th Year\2nd Semester\DC Project\DC Labs Handout Backup\Distributed Computing\Distributed Computing\Debug\Distributed Computing.exe.embed.manifest
E:\Collection\Programming Backup\My Projects\College Work\4th Year\2nd Semester\DC Project\DC Labs Handout Backup\Distributed Computing\Distributed Computing\Debug\Distributed Computing.exe.embed.manifest.res
E:\Collection\Programming Backup\My Projects\College Work\4th Year\2nd Semester\DC Project\DC Labs Handout Backup\Distributed Computing\Distributed Computing\Debug\Distributed Computing.exe.intermediate.manifest
E:\Collection\Programming Backup\My Projects\College Work\4th Year\2nd Semester\DC Project\DC Labs Handout Backup\Distributed Computing\Distributed Computing\Debug\Distributed Computing_manifest.rc
E:\Collection\Programming Backup\My Projects\College Work\4th Year\2nd Semester\DC Project\DC Labs Handout Backup\Distributed Computing\Distributed Computing\Debug\link.command.1.tlog
E:\Collection\Programming Backup\My Projects\College Work\4th Year\2nd Semester\DC Project\DC Labs Handout Backup\Distributed Computing\Distributed Computing\Debug\link.read.1.tlog
E:\Collection\Programming Backup\My Projects\College Work\4th Year\2nd Semester\DC Project\DC Labs Handout Backup\Distributed Computing\Distributed Computing\Debug\link.write.1.tlog
E:\Collection\Programming Backup\My Projects\College Work\4th Year\2nd Semester\DC Project\DC Labs Handout Backup\Distributed Computing\Distributed Computing\Debug\link-cvtres.read.1.tlog
E:\Collection\Programming Backup\My Projects\College Work\4th Year\2nd Semester\DC Project\DC Labs Handout Backup\Distributed Computing\Distributed Computing\Debug\link-cvtres.write.1.tlog
E:\COLLECTION\PROGRAMMING BACKUP\MY PROJECTS\COLLEGE WORK\4TH YEAR\2ND SEMESTER\DC PROJECT\DC LABS HANDOUT BACKUP\DISTRIBUTED COMPUTING\DISTRIBUTED COMPUTING\DEBUG\MONTECARLO_SERIALCODE.OBJ
E:\Collection\Programming Backup\My Projects\College Work\4th Year\2nd Semester\DC Project\DC Labs Handout Backup\Distributed Computing\Distributed Computing\Debug\mt.command.1.tlog
E:\Collection\Programming Backup\My Projects\College Work\4th Year\2nd Semester\DC Project\DC Labs Handout Backup\Distributed Computing\Distributed Computing\Debug\mt.read.1.tlog
E:\Collection\Programming Backup\My Projects\College Work\4th Year\2nd Semester\DC Project\DC Labs Handout Backup\Distributed Computing\Distributed Computing\Debug\mt.write.1.tlog
E:\COLLECTION\PROGRAMMING BACKUP\MY PROJECTS\COLLEGE WORK\4TH YEAR\2ND SEMESTER\DC PROJECT\DC LABS HANDOUT BACKUP\DISTRIBUTED COMPUTING\DISTRIBUTED COMPUTING\DEBUG\PARALLEL ARRAY SEARCH.OBJ
E:\COLLECTION\PROGRAMMING BACKUP\MY PROJECTS\COLLEGE WORK\4TH YEAR\2ND SEMESTER\DC PROJECT\DC LABS HANDOUT BACKUP\DISTRIBUTED COMPUTING\DISTRIBUTED COMPUTING\DEBUG\PROGRAM1_HELLOWORLD.OBJ
E:\COLLECTION\PROGRAMMING BACKUP\MY PROJECTS\COLLEGE WORK\4TH YEAR\2ND SEMESTER\DC PROJECT\DC LABS HANDOUT BACKUP\DISTRIBUTED COMPUTING\DISTRIBUTED COMPUTING\DEBUG\PROGRAM2_HELLOWORLD_SORTED.OBJ
E:\COLLECTION\PROGRAMMING BACKUP\MY PROJECTS\COLLEGE WORK\4TH YEAR\2ND SEMESTER\DC PROJECT\DC LABS HANDOUT BACKUP\DISTRIBUTED COMPUTING\DISTRIBUTED COMPUTING\DEBUG\PROGRAM3_PINGPONG.OBJ
E:\COLLECTION\PROGRAMMING BACKUP\MY PROJECTS\COLLEGE WORK\4TH YEAR\2ND SEMESTER\DC PROJECT\DC LABS HANDOUT BACKUP\DISTRIBUTED COMPUTING\DISTRIBUTED COMPUTING\DEBUG\PROGRAM4_ALLSENDTOMASTER.OBJ
E:\COLLECTION\PROGRAMMING BACKUP\MY PROJECTS\COLLEGE WORK\4TH YEAR\2ND SEMESTER\DC PROJECT\DC LABS HANDOUT BACKUP\DISTRIBUTED COMPUTING\DISTRIBUTED COMPUTING\DEBUG\PROGRAM5_RING.OBJ
E:\COLLECTION\PROGRAMMING BACKUP\MY PROJECTS\COLLEGE WORK\4TH YEAR\2ND SEMESTER\DC PROJECT\DC LABS HANDOUT BACKUP\DISTRIBUTED COMPUTING\DISTRIBUTED COMPUTING\DEBUG\PROGRAM6_MATRIXMULTIPLICATION.OBJ
E:\COLLECTION\PROGRAMMING BACKUP\MY PROJECTS\COLLEGE WORK\4TH YEAR\2ND SEMESTER\DC PROJECT\DC LABS HANDOUT BACKUP\DISTRIBUTED COMPUTING\DISTRIBUTED COMPUTING\DEBUG\PROGRAM6_MATRIXMULTIPLICATION_2.OBJ
E:\COLLECTION\PROGRAMMING BACKUP\MY PROJECTS\COLLEGE WORK\4TH YEAR\2ND SEMESTER\DC PROJECT\DC LABS HANDOUT BACKUP\DISTRIBUTED COMPUTING\DISTRIBUTED COMPUTING\DEBUG\PROGRAM6_MATRIXMULTIPLICATION_3.OBJ
E:\Collection\Programming Backup\My Projects\College Work\4th Year\2nd Semester\DC Project\DC Labs Handout Backup\Distributed Computing\Distributed Computing\Debug\rc.command.1.tlog
E:\Collection\Programming Backup\My Projects\College Work\4th Year\2nd Semester\DC Project\DC Labs Handout Backup\Distributed Computing\Distributed Computing\Debug\rc.read.1.tlog
E:\Collection\Programming Backup\My Projects\College Work\4th Year\2nd Semester\DC Project\DC Labs Handout Backup\Distributed Computing\Distributed Computing\Debug\rc.write.1.tlog
E:\COLLECTION\PROGRAMMING BACKUP\MY PROJECTS\COLLEGE WORK\4TH YEAR\2ND SEMESTER\DC PROJECT\DC LABS HANDOUT BACKUP\DISTRIBUTED COMPUTING\DISTRIBUTED COMPUTING\DEBUG\SIMPLE HELLOWORLD.OBJ
E:\COLLECTION\PROGRAMMING BACKUP\MY PROJECTS\COLLEGE WORK\4TH YEAR\2ND SEMESTER\DC PROJECT\DC LABS HANDOUT BACKUP\DISTRIBUTED COMPUTING\DISTRIBUTED COMPUTING\DEBUG\SIMULATE_BROADCAST_CALL.OBJ
E:\COLLECTION\PROGRAMMING BACKUP\MY PROJECTS\COLLEGE WORK\4TH YEAR\2ND SEMESTER\DC PROJECT\DC LABS HANDOUT BACKUP\DISTRIBUTED COMPUTING\DISTRIBUTED COMPUTING\DEBUG\TESTINGMPI.OBJ
E:\COLLECTION\PROGRAMMING BACKUP\MY PROJECTS\COLLEGE WORK\4TH YEAR\2ND SEMESTER\DC PROJECT\DC LABS HANDOUT BACKUP\DISTRIBUTED COMPUTING\DISTRIBUTED COMPUTING\DEBUG\TMP1_ARRAYPROCESSING_PARALLELCODE.OBJ
E:\COLLECTION\PROGRAMMING BACKUP\MY PROJECTS\COLLEGE WORK\4TH YEAR\2ND SEMESTER\DC PROJECT\DC LABS HANDOUT BACKUP\DISTRIBUTED COMPUTING\DISTRIBUTED COMPUTING\DEBUG\TMP2_ARRAYPROCESSING_PARALLELCODE.OBJ
E:\Collection\Programming Backup\My Projects\College Work\4th Year\2nd Semester\DC Project\DC Labs Handout Backup\Distributed Computing\Distributed Computing\Debug\vc100.idb
E:\COLLECTION\PROGRAMMING BACKUP\MY PROJECTS\COLLEGE WORK\4TH YEAR\2ND SEMESTER\DC PROJECT\DC LABS HANDOUT BACKUP\DISTRIBUTED COMPUTING\DISTRIBUTED COMPUTING\DEBUG\VC100.PDB
E:\COLLEGE\DISTRIBUTED COMPUTING\LABS HANDOUT BACKUP\DISTRIBUTED COMPUTING\DEBUG\DISTRIBUTED COMPUTING.EXE
E:\COLLEGE\DISTRIBUTED COMPUTING\LABS HANDOUT BACKUP\DISTRIBUTED COMPUTING\DEBUG\DISTRIBUTED COMPUTING.ILK
E:\COLLEGE\DISTRIBUTED COMPUTING\LABS HANDOUT BACKUP\DISTRIBUTED COMPUTING\DEBUG\DISTRIBUTED COMPUTING.PDB
E:\COLLEGE\DISTRIBUTED COMPUTING\LABS HANDOUT BACKUP\DISTRIBUTED COMPUTING\DISTRIBUTED COMPUTING\DEBUG\ALI_SIMULATE_BROADCAST_CALL.OBJ
E:\COLLEGE\DISTRIBUTED COMPUTING\LABS HANDOUT BACKUP\DISTRIBUTED COMPUTING\DISTRIBUTED COMPUTING\DEBUG\ARRAYPROCESSING_PARALLELCODE.OBJ
E:\COLLEGE\DISTRIBUTED COMPUTING\LABS HANDOUT BACKUP\DISTRIBUTED COMPUTING\DISTRIBUTED COMPUTING\DEBUG\ARRAYPROCESSING_SERIALCODE.OBJ
E:\COLLEGE\DISTRIBUTED COMPUTING\LABS HANDOUT BACKUP\DISTRIBUTED COMPUTING\DISTRIBUTED COMPUTING\DEBUG\BIGINT.OBJ
E:\COLLEGE\DISTRIBUTED COMPUTING\LABS HANDOUT BACKUP\DISTRIBUTED COMPUTING\DISTRIBUTED COMPUTING\DEBUG\DISTRIBUTED COMPUTING.EXE.EMBED.MANIFEST
E:\COLLEGE\DISTRIBUTED COMPUTING\LABS HANDOUT BACKUP\DISTRIBUTED COMPUTING\DISTRIBUTED COMPUTING\DEBUG\DISTRIBUTED COMPUTING.EXE.EMBED.MANIFEST.RES
E:\COLLEGE\DISTRIBUTED COMPUTING\LABS HANDOUT BACKUP\DISTRIBUTED COMPUTING\DISTRIBUTED COMPUTING\DEBUG\DISTRIBUTED COMPUTING.EXE.INTERMEDIATE.MANIFEST
E:\COLLEGE\DISTRIBUTED COMPUTING\LABS HANDOUT BACKUP\DISTRIBUTED COMPUTING\DISTRIBUTED COMPUTING\DEBUG\MONTECARLO_PARALLELCODE.OBJ
E:\COLLEGE\DISTRIBUTED COMPUTING\LABS HANDOUT BACKUP\DISTRIBUTED COMPUTING\DISTRIBUTED COMPUTING\DEBUG\MONTECARLO_SERIALCODE.OBJ
E:\COLLEGE\DISTRIBUTED COMPUTING\LABS HANDOUT BACKUP\DISTRIBUTED COMPUTING\DISTRIBUTED COMPUTING\DEBUG\PARALLEL ARRAY SEARCH.OBJ
E:\COLLEGE\DISTRIBUTED COMPUTING\LABS HANDOUT BACKUP\DISTRIBUTED COMPUTING\DISTRIBUTED COMPUTING\DEBUG\PROGRAM1_HELLOWORLD.OBJ
E:\COLLEGE\DISTRIBUTED COMPUTING\LABS HANDOUT BACKUP\DISTRIBUTED COMPUTING\DISTRIBUTED COMPUTING\DEBUG\PROGRAM2_HELLOWORLD_SORTED.OBJ
E:\COLLEGE\DISTRIBUTED COMPUTING\LABS HANDOUT BACKUP\DISTRIBUTED COMPUTING\DISTRIBUTED COMPUTING\DEBUG\PROGRAM3_PINGPONG.OBJ
E:\COLLEGE\DISTRIBUTED COMPUTING\LABS HANDOUT BACKUP\DISTRIBUTED COMPUTING\DISTRIBUTED COMPUTING\DEBUG\PROGRAM4_ALLSENDTOMASTER.OBJ
E:\COLLEGE\DISTRIBUTED COMPUTING\LABS HANDOUT BACKUP\DISTRIBUTED COMPUTING\DISTRIBUTED COMPUTING\DEBUG\PROGRAM5_RING.OBJ
E:\COLLEGE\DISTRIBUTED COMPUTING\LABS HANDOUT BACKUP\DISTRIBUTED COMPUTING\DISTRIBUTED COMPUTING\DEBUG\PROGRAM6_MATRIXMULTIPLICATION.OBJ
E:\COLLEGE\DISTRIBUTED COMPUTING\LABS HANDOUT BACKUP\DISTRIBUTED COMPUTING\DISTRIBUTED COMPUTING\DEBUG\PROGRAM6_MATRIXMULTIPLICATION_2.OBJ
E:\COLLEGE\DISTRIBUTED COMPUTING\LABS HANDOUT BACKUP\DISTRIBUTED COMPUTING\DISTRIBUTED COMPUTING\DEBUG\PROGRAM6_MATRIXMULTIPLICATION_3.OBJ
E:\COLLEGE\DISTRIBUTED COMPUTING\LABS HANDOUT BACKUP\DISTRIBUTED COMPUTING\DISTRIBUTED COMPUTING\DEBUG\SIMPLE HELLOWORLD.OBJ
E:\COLLEGE\DISTRIBUTED COMPUTING\LABS HANDOUT BACKUP\DISTRIBUTED COMPUTING\DISTRIBUTED COMPUTING\DEBUG\SIMULATE_BROADCAST_CALL.OBJ
E:\COLLEGE\DISTRIBUTED COMPUTING\LABS HANDOUT BACKUP\DISTRIBUTED COMPUTING\DISTRIBUTED COMPUTING\DEBUG\TESTINGMPI.OBJ
E:\COLLEGE\DISTRIBUTED COMPUTING\LABS HANDOUT BACKUP\DISTRIBUTED COMPUTING\DISTRIBUTED COMPUTING\DEBUG\TMP1_ARRAYPROCESSING_PARALLELCODE.OBJ
E:\COLLEGE\DISTRIBUTED COMPUTING\LABS HANDOUT BACKUP\DISTRIBUTED COMPUTING\DISTRIBUTED COMPUTING\DEBUG\TMP2_ARRAYPROCESSING_PARALLELCODE.OBJ
E:\COLLEGE\DISTRIBUTED COMPUTING\LABS HANDOUT BACKUP\DISTRIBUTED COMPUTING\DISTRIBUTED COMPUTING\DEBUG\TVECTOR.OBJ
E:\COLLEGE\DISTRIBUTED COMPUTING\LABS HANDOUT BACKUP\DISTRIBUTED COMPUTING\DISTRIBUTED COMPUTING\DEBUG\VC100.PDB
