C:\USERS\DELL\DESKTOP\DC_\2\READ AND SAVE IMAGE\READ AND SAVE  IMAGE\DEBUG\READ AND SAVE  IMAGE.EXE
C:\USERS\DELL\DESKTOP\DC_\2\READ AND SAVE IMAGE\READ AND SAVE  IMAGE\DEBUG\READ AND SAVE  IMAGE.ILK
C:\USERS\DELL\DESKTOP\DC_\2\READ AND SAVE IMAGE\READ AND SAVE  IMAGE\DEBUG\READ AND SAVE  IMAGE.PDB
C:\USERS\DELL\DESKTOP\DC_\2\READ AND SAVE IMAGE\READ AND SAVE  IMAGE\READ AND SAVE  IMAGE\DEBUG\.NETFRAMEWORK,VERSION=V4.0.ASSEMBLYATTRIBUTES.OBJ
C:\USERS\DELL\DESKTOP\DC_\2\READ AND SAVE IMAGE\READ AND SAVE  IMAGE\READ AND SAVE  IMAGE\DEBUG\MAIN.OBJ
C:\USERS\DELL\DESKTOP\DC_\2\READ AND SAVE IMAGE\READ AND SAVE  IMAGE\READ AND SAVE  IMAGE\DEBUG\READ AND SAVE  IMAGE.EXE.INTERMEDIATE.MANIFEST
C:\USERS\DELL\DESKTOP\DC_\2\READ AND SAVE IMAGE\READ AND SAVE  IMAGE\READ AND SAVE  IMAGE\DEBUG\VC100.PDB
C:\USERS\DELL\DESKTOP\DC_\2\READ AND SAVE IMAGE\READ AND SAVE  IMAGE_OPENMP\DEBUG\READ AND SAVE  IMAGE.EXE
C:\USERS\DELL\DESKTOP\DC_\2\READ AND SAVE IMAGE\READ AND SAVE  IMAGE_OPENMP\DEBUG\READ AND SAVE  IMAGE.ILK
C:\USERS\DELL\DESKTOP\DC_\2\READ AND SAVE IMAGE\READ AND SAVE  IMAGE_OPENMP\DEBUG\READ AND SAVE  IMAGE.PDB
C:\USERS\DELL\DESKTOP\DC_\2\READ AND SAVE IMAGE\READ AND SAVE  IMAGE_OPENMP\READ AND SAVE  IMAGE\DEBUG\MAIN.OBJ
C:\USERS\DELL\DESKTOP\DC_\2\READ AND SAVE IMAGE\READ AND SAVE  IMAGE_OPENMP\READ AND SAVE  IMAGE\DEBUG\READ AND SAVE  IMAGE.EXE.INTERMEDIATE.MANIFEST
C:\USERS\DELL\DESKTOP\DC_\2\READ AND SAVE IMAGE\READ AND SAVE  IMAGE_OPENMP\READ AND SAVE  IMAGE\DEBUG\VC100.PDB
C:\USERS\HOBA\DESKTOP\IMPLEMENTATION\PARALLEL\DEBUG\READ AND SAVE  IMAGE.EXE
C:\USERS\HOBA\DESKTOP\IMPLEMENTATION\PARALLEL\DEBUG\READ AND SAVE  IMAGE.ILK
C:\USERS\HOBA\DESKTOP\IMPLEMENTATION\PARALLEL\DEBUG\READ AND SAVE  IMAGE.PDB
C:\USERS\HOBA\DESKTOP\IMPLEMENTATION\PARALLEL\READ AND SAVE  IMAGE\DEBUG\MAIN.OBJ
C:\USERS\HOBA\DESKTOP\IMPLEMENTATION\PARALLEL\READ AND SAVE  IMAGE\DEBUG\READ AND SAVE  IMAGE.EXE.INTERMEDIATE.MANIFEST
C:\USERS\HOBA\DESKTOP\IMPLEMENTATION\PARALLEL\READ AND SAVE  IMAGE\DEBUG\VC100.PDB
C:\USERS\HOBA\DESKTOP\IMPLEMENTATION\READ AND SAVE  IMAGE_OPENMP\DEBUG\READ AND SAVE  IMAGE.EXE
C:\USERS\HOBA\DESKTOP\IMPLEMENTATION\READ AND SAVE  IMAGE_OPENMP\DEBUG\READ AND SAVE  IMAGE.ILK
C:\USERS\HOBA\DESKTOP\IMPLEMENTATION\READ AND SAVE  IMAGE_OPENMP\DEBUG\READ AND SAVE  IMAGE.PDB
C:\USERS\HOBA\DESKTOP\IMPLEMENTATION\READ AND SAVE  IMAGE_OPENMP\READ AND SAVE  IMAGE\DEBUG\MAIN.OBJ
C:\USERS\HOBA\DESKTOP\IMPLEMENTATION\READ AND SAVE  IMAGE_OPENMP\READ AND SAVE  IMAGE\DEBUG\READ AND SAVE  IMAGE.EXE.INTERMEDIATE.MANIFEST
C:\USERS\HOBA\DESKTOP\IMPLEMENTATION\READ AND SAVE  IMAGE_OPENMP\READ AND SAVE  IMAGE\DEBUG\VC100.PDB
C:\USERS\HOBA\DESKTOP\READ AND SAVE  IMAGE_OPENMP\DEBUG\READ AND SAVE  IMAGE.EXE
C:\USERS\HOBA\DESKTOP\READ AND SAVE  IMAGE_OPENMP\DEBUG\READ AND SAVE  IMAGE.ILK
C:\USERS\HOBA\DESKTOP\READ AND SAVE  IMAGE_OPENMP\DEBUG\READ AND SAVE  IMAGE.PDB
C:\USERS\HOBA\DESKTOP\READ AND SAVE  IMAGE_OPENMP\READ AND SAVE  IMAGE\DEBUG\.NETFRAMEWORK,VERSION=V4.0.ASSEMBLYATTRIBUTES.OBJ
C:\USERS\HOBA\DESKTOP\READ AND SAVE  IMAGE_OPENMP\READ AND SAVE  IMAGE\DEBUG\MAIN.OBJ
C:\USERS\HOBA\DESKTOP\READ AND SAVE  IMAGE_OPENMP\READ AND SAVE  IMAGE\DEBUG\READ AND SAVE  IMAGE.EXE.INTERMEDIATE.MANIFEST
C:\USERS\HOBA\DESKTOP\READ AND SAVE  IMAGE_OPENMP\READ AND SAVE  IMAGE\DEBUG\VC100.PDB
D:\DISTRIBUTED\PROJECT\READ AND SAVE  IMAGE\DEBUG\READ AND SAVE  IMAGE.EXE
D:\DISTRIBUTED\PROJECT\READ AND SAVE  IMAGE\DEBUG\READ AND SAVE  IMAGE.ILK
D:\DISTRIBUTED\PROJECT\READ AND SAVE  IMAGE\DEBUG\READ AND SAVE  IMAGE.PDB
D:\DISTRIBUTED\PROJECT\READ AND SAVE  IMAGE\READ AND SAVE  IMAGE\DEBUG\.NETFRAMEWORK,VERSION=V4.0.ASSEMBLYATTRIBUTES.OBJ
D:\DISTRIBUTED\PROJECT\READ AND SAVE  IMAGE\READ AND SAVE  IMAGE\DEBUG\MAIN.OBJ
D:\DISTRIBUTED\PROJECT\READ AND SAVE  IMAGE\READ AND SAVE  IMAGE\DEBUG\READ AND SAVE  IMAGE.EXE.INTERMEDIATE.MANIFEST
D:\DISTRIBUTED\PROJECT\READ AND SAVE  IMAGE\READ AND SAVE  IMAGE\DEBUG\VC100.PDB
E:\Collection\Programming Backup\My Projects\College Work\4th Year\2nd Semester\DC Project\Downloads\Parallel\Debug\Read and Save  image.exe
E:\Collection\Programming Backup\My Projects\College Work\4th Year\2nd Semester\DC Project\Downloads\Parallel\Debug\Read and Save  image.ilk
E:\Collection\Programming Backup\My Projects\College Work\4th Year\2nd Semester\DC Project\Downloads\Parallel\Debug\Read and Save  image.pdb
E:\Collection\Programming Backup\My Projects\College Work\4th Year\2nd Semester\DC Project\Downloads\Parallel\Read and Save  image\Debug\.NETFramework,Version=v4.0.AssemblyAttributes.obj
E:\Collection\Programming Backup\My Projects\College Work\4th Year\2nd Semester\DC Project\Downloads\Parallel\Read and Save  image\Debug\cl.command.1.tlog
E:\Collection\Programming Backup\My Projects\College Work\4th Year\2nd Semester\DC Project\Downloads\Parallel\Read and Save  image\Debug\CL.read.1.tlog
E:\Collection\Programming Backup\My Projects\College Work\4th Year\2nd Semester\DC Project\Downloads\Parallel\Read and Save  image\Debug\CL.write.1.tlog
E:\Collection\Programming Backup\My Projects\College Work\4th Year\2nd Semester\DC Project\Downloads\Parallel\Read and Save  image\Debug\link.1996.read.1.tlog
E:\Collection\Programming Backup\My Projects\College Work\4th Year\2nd Semester\DC Project\Downloads\Parallel\Read and Save  image\Debug\link.1996.write.1.tlog
E:\Collection\Programming Backup\My Projects\College Work\4th Year\2nd Semester\DC Project\Downloads\Parallel\Read and Save  image\Debug\link.2068.read.1.tlog
E:\Collection\Programming Backup\My Projects\College Work\4th Year\2nd Semester\DC Project\Downloads\Parallel\Read and Save  image\Debug\link.2068.write.1.tlog
E:\Collection\Programming Backup\My Projects\College Work\4th Year\2nd Semester\DC Project\Downloads\Parallel\Read and Save  image\Debug\link.2072.read.1.tlog
E:\Collection\Programming Backup\My Projects\College Work\4th Year\2nd Semester\DC Project\Downloads\Parallel\Read and Save  image\Debug\link.2072.write.1.tlog
E:\Collection\Programming Backup\My Projects\College Work\4th Year\2nd Semester\DC Project\Downloads\Parallel\Read and Save  image\Debug\link.2128.read.1.tlog
E:\Collection\Programming Backup\My Projects\College Work\4th Year\2nd Semester\DC Project\Downloads\Parallel\Read and Save  image\Debug\link.2128.write.1.tlog
E:\Collection\Programming Backup\My Projects\College Work\4th Year\2nd Semester\DC Project\Downloads\Parallel\Read and Save  image\Debug\link.3004.read.1.tlog
E:\Collection\Programming Backup\My Projects\College Work\4th Year\2nd Semester\DC Project\Downloads\Parallel\Read and Save  image\Debug\link.3004.write.1.tlog
E:\Collection\Programming Backup\My Projects\College Work\4th Year\2nd Semester\DC Project\Downloads\Parallel\Read and Save  image\Debug\link.3180.read.1.tlog
E:\Collection\Programming Backup\My Projects\College Work\4th Year\2nd Semester\DC Project\Downloads\Parallel\Read and Save  image\Debug\link.3180.write.1.tlog
E:\Collection\Programming Backup\My Projects\College Work\4th Year\2nd Semester\DC Project\Downloads\Parallel\Read and Save  image\Debug\link.3764.read.1.tlog
E:\Collection\Programming Backup\My Projects\College Work\4th Year\2nd Semester\DC Project\Downloads\Parallel\Read and Save  image\Debug\link.3764.write.1.tlog
E:\Collection\Programming Backup\My Projects\College Work\4th Year\2nd Semester\DC Project\Downloads\Parallel\Read and Save  image\Debug\link.3936.read.1.tlog
E:\Collection\Programming Backup\My Projects\College Work\4th Year\2nd Semester\DC Project\Downloads\Parallel\Read and Save  image\Debug\link.3936.write.1.tlog
E:\Collection\Programming Backup\My Projects\College Work\4th Year\2nd Semester\DC Project\Downloads\Parallel\Read and Save  image\Debug\link.4280.read.1.tlog
E:\Collection\Programming Backup\My Projects\College Work\4th Year\2nd Semester\DC Project\Downloads\Parallel\Read and Save  image\Debug\link.4280.write.1.tlog
E:\Collection\Programming Backup\My Projects\College Work\4th Year\2nd Semester\DC Project\Downloads\Parallel\Read and Save  image\Debug\link.4540.read.1.tlog
E:\Collection\Programming Backup\My Projects\College Work\4th Year\2nd Semester\DC Project\Downloads\Parallel\Read and Save  image\Debug\link.4540.write.1.tlog
E:\Collection\Programming Backup\My Projects\College Work\4th Year\2nd Semester\DC Project\Downloads\Parallel\Read and Save  image\Debug\link.4576.read.1.tlog
E:\Collection\Programming Backup\My Projects\College Work\4th Year\2nd Semester\DC Project\Downloads\Parallel\Read and Save  image\Debug\link.4576.write.1.tlog
E:\Collection\Programming Backup\My Projects\College Work\4th Year\2nd Semester\DC Project\Downloads\Parallel\Read and Save  image\Debug\link.4588.read.1.tlog
E:\Collection\Programming Backup\My Projects\College Work\4th Year\2nd Semester\DC Project\Downloads\Parallel\Read and Save  image\Debug\link.4588.write.1.tlog
E:\Collection\Programming Backup\My Projects\College Work\4th Year\2nd Semester\DC Project\Downloads\Parallel\Read and Save  image\Debug\link.4604.read.1.tlog
E:\Collection\Programming Backup\My Projects\College Work\4th Year\2nd Semester\DC Project\Downloads\Parallel\Read and Save  image\Debug\link.4604.write.1.tlog
E:\Collection\Programming Backup\My Projects\College Work\4th Year\2nd Semester\DC Project\Downloads\Parallel\Read and Save  image\Debug\link.4696.read.1.tlog
E:\Collection\Programming Backup\My Projects\College Work\4th Year\2nd Semester\DC Project\Downloads\Parallel\Read and Save  image\Debug\link.4696.write.1.tlog
E:\Collection\Programming Backup\My Projects\College Work\4th Year\2nd Semester\DC Project\Downloads\Parallel\Read and Save  image\Debug\link.4700.read.1.tlog
E:\Collection\Programming Backup\My Projects\College Work\4th Year\2nd Semester\DC Project\Downloads\Parallel\Read and Save  image\Debug\link.4700.write.1.tlog
E:\Collection\Programming Backup\My Projects\College Work\4th Year\2nd Semester\DC Project\Downloads\Parallel\Read and Save  image\Debug\link.5708.read.1.tlog
E:\Collection\Programming Backup\My Projects\College Work\4th Year\2nd Semester\DC Project\Downloads\Parallel\Read and Save  image\Debug\link.5708.write.1.tlog
E:\Collection\Programming Backup\My Projects\College Work\4th Year\2nd Semester\DC Project\Downloads\Parallel\Read and Save  image\Debug\link.5764.read.1.tlog
E:\Collection\Programming Backup\My Projects\College Work\4th Year\2nd Semester\DC Project\Downloads\Parallel\Read and Save  image\Debug\link.5764.write.1.tlog
E:\Collection\Programming Backup\My Projects\College Work\4th Year\2nd Semester\DC Project\Downloads\Parallel\Read and Save  image\Debug\link.5868.read.1.tlog
E:\Collection\Programming Backup\My Projects\College Work\4th Year\2nd Semester\DC Project\Downloads\Parallel\Read and Save  image\Debug\link.5868.write.1.tlog
E:\Collection\Programming Backup\My Projects\College Work\4th Year\2nd Semester\DC Project\Downloads\Parallel\Read and Save  image\Debug\link.5912.read.1.tlog
E:\Collection\Programming Backup\My Projects\College Work\4th Year\2nd Semester\DC Project\Downloads\Parallel\Read and Save  image\Debug\link.5912.write.1.tlog
E:\Collection\Programming Backup\My Projects\College Work\4th Year\2nd Semester\DC Project\Downloads\Parallel\Read and Save  image\Debug\link.5952.read.1.tlog
E:\Collection\Programming Backup\My Projects\College Work\4th Year\2nd Semester\DC Project\Downloads\Parallel\Read and Save  image\Debug\link.5952.write.1.tlog
E:\Collection\Programming Backup\My Projects\College Work\4th Year\2nd Semester\DC Project\Downloads\Parallel\Read and Save  image\Debug\link.6080.read.1.tlog
E:\Collection\Programming Backup\My Projects\College Work\4th Year\2nd Semester\DC Project\Downloads\Parallel\Read and Save  image\Debug\link.6080.write.1.tlog
E:\Collection\Programming Backup\My Projects\College Work\4th Year\2nd Semester\DC Project\Downloads\Parallel\Read and Save  image\Debug\link.6104.read.1.tlog
E:\Collection\Programming Backup\My Projects\College Work\4th Year\2nd Semester\DC Project\Downloads\Parallel\Read and Save  image\Debug\link.6104.write.1.tlog
E:\Collection\Programming Backup\My Projects\College Work\4th Year\2nd Semester\DC Project\Downloads\Parallel\Read and Save  image\Debug\link.6172.read.1.tlog
E:\Collection\Programming Backup\My Projects\College Work\4th Year\2nd Semester\DC Project\Downloads\Parallel\Read and Save  image\Debug\link.6172.write.1.tlog
E:\Collection\Programming Backup\My Projects\College Work\4th Year\2nd Semester\DC Project\Downloads\Parallel\Read and Save  image\Debug\link.6280.read.1.tlog
E:\Collection\Programming Backup\My Projects\College Work\4th Year\2nd Semester\DC Project\Downloads\Parallel\Read and Save  image\Debug\link.6280.write.1.tlog
E:\Collection\Programming Backup\My Projects\College Work\4th Year\2nd Semester\DC Project\Downloads\Parallel\Read and Save  image\Debug\link.6340.read.1.tlog
E:\Collection\Programming Backup\My Projects\College Work\4th Year\2nd Semester\DC Project\Downloads\Parallel\Read and Save  image\Debug\link.6340.write.1.tlog
E:\Collection\Programming Backup\My Projects\College Work\4th Year\2nd Semester\DC Project\Downloads\Parallel\Read and Save  image\Debug\link.6596.read.1.tlog
E:\Collection\Programming Backup\My Projects\College Work\4th Year\2nd Semester\DC Project\Downloads\Parallel\Read and Save  image\Debug\link.6596.write.1.tlog
E:\Collection\Programming Backup\My Projects\College Work\4th Year\2nd Semester\DC Project\Downloads\Parallel\Read and Save  image\Debug\link.6688.read.1.tlog
E:\Collection\Programming Backup\My Projects\College Work\4th Year\2nd Semester\DC Project\Downloads\Parallel\Read and Save  image\Debug\link.6688.write.1.tlog
E:\Collection\Programming Backup\My Projects\College Work\4th Year\2nd Semester\DC Project\Downloads\Parallel\Read and Save  image\Debug\link.7060.read.1.tlog
E:\Collection\Programming Backup\My Projects\College Work\4th Year\2nd Semester\DC Project\Downloads\Parallel\Read and Save  image\Debug\link.7060.write.1.tlog
E:\Collection\Programming Backup\My Projects\College Work\4th Year\2nd Semester\DC Project\Downloads\Parallel\Read and Save  image\Debug\link.7164.read.1.tlog
E:\Collection\Programming Backup\My Projects\College Work\4th Year\2nd Semester\DC Project\Downloads\Parallel\Read and Save  image\Debug\link.7164.write.1.tlog
E:\Collection\Programming Backup\My Projects\College Work\4th Year\2nd Semester\DC Project\Downloads\Parallel\Read and Save  image\Debug\link.7356.read.1.tlog
E:\Collection\Programming Backup\My Projects\College Work\4th Year\2nd Semester\DC Project\Downloads\Parallel\Read and Save  image\Debug\link.7356.write.1.tlog
E:\Collection\Programming Backup\My Projects\College Work\4th Year\2nd Semester\DC Project\Downloads\Parallel\Read and Save  image\Debug\link.7396.read.1.tlog
E:\Collection\Programming Backup\My Projects\College Work\4th Year\2nd Semester\DC Project\Downloads\Parallel\Read and Save  image\Debug\link.7396.write.1.tlog
E:\Collection\Programming Backup\My Projects\College Work\4th Year\2nd Semester\DC Project\Downloads\Parallel\Read and Save  image\Debug\link.7548.read.1.tlog
E:\Collection\Programming Backup\My Projects\College Work\4th Year\2nd Semester\DC Project\Downloads\Parallel\Read and Save  image\Debug\link.7548.write.1.tlog
E:\Collection\Programming Backup\My Projects\College Work\4th Year\2nd Semester\DC Project\Downloads\Parallel\Read and Save  image\Debug\link.7852.read.1.tlog
E:\Collection\Programming Backup\My Projects\College Work\4th Year\2nd Semester\DC Project\Downloads\Parallel\Read and Save  image\Debug\link.7852.write.1.tlog
E:\Collection\Programming Backup\My Projects\College Work\4th Year\2nd Semester\DC Project\Downloads\Parallel\Read and Save  image\Debug\link.8112.read.1.tlog
E:\Collection\Programming Backup\My Projects\College Work\4th Year\2nd Semester\DC Project\Downloads\Parallel\Read and Save  image\Debug\link.8112.write.1.tlog
E:\Collection\Programming Backup\My Projects\College Work\4th Year\2nd Semester\DC Project\Downloads\Parallel\Read and Save  image\Debug\link.command.1.tlog
E:\Collection\Programming Backup\My Projects\College Work\4th Year\2nd Semester\DC Project\Downloads\Parallel\Read and Save  image\Debug\link.read.1.tlog
E:\Collection\Programming Backup\My Projects\College Work\4th Year\2nd Semester\DC Project\Downloads\Parallel\Read and Save  image\Debug\link.write.1.tlog
E:\Collection\Programming Backup\My Projects\College Work\4th Year\2nd Semester\DC Project\Downloads\Parallel\Read and Save  image\Debug\main.obj
E:\Collection\Programming Backup\My Projects\College Work\4th Year\2nd Semester\DC Project\Downloads\Parallel\Read and Save  image\Debug\metagen.read.1.tlog
E:\Collection\Programming Backup\My Projects\College Work\4th Year\2nd Semester\DC Project\Downloads\Parallel\Read and Save  image\Debug\metagen.write.1.tlog
E:\Collection\Programming Backup\My Projects\College Work\4th Year\2nd Semester\DC Project\Downloads\Parallel\Read and Save  image\Debug\mt.command.1.tlog
E:\Collection\Programming Backup\My Projects\College Work\4th Year\2nd Semester\DC Project\Downloads\Parallel\Read and Save  image\Debug\mt.read.1.tlog
E:\Collection\Programming Backup\My Projects\College Work\4th Year\2nd Semester\DC Project\Downloads\Parallel\Read and Save  image\Debug\mt.write.1.tlog
E:\Collection\Programming Backup\My Projects\College Work\4th Year\2nd Semester\DC Project\Downloads\Parallel\Read and Save  image\Debug\Read and Save  image.exe.intermediate.manifest
E:\Collection\Programming Backup\My Projects\College Work\4th Year\2nd Semester\DC Project\Downloads\Parallel\Read and Save  image\Debug\RSAENH.DLL.bi
E:\Collection\Programming Backup\My Projects\College Work\4th Year\2nd Semester\DC Project\Downloads\Parallel\Read and Save  image\Debug\TZRES.DLL.bi
E:\Collection\Programming Backup\My Projects\College Work\4th Year\2nd Semester\DC Project\Downloads\Parallel\Read and Save  image\Debug\vc100.pdb
E:\DOWNLOADS\PARALLEL\DEBUG\READ AND SAVE  IMAGE.EXE
E:\DOWNLOADS\PARALLEL\DEBUG\READ AND SAVE  IMAGE.ILK
E:\DOWNLOADS\PARALLEL\DEBUG\READ AND SAVE  IMAGE.PDB
E:\DOWNLOADS\PARALLEL\READ AND SAVE  IMAGE\DEBUG\.NETFRAMEWORK,VERSION=V4.0.ASSEMBLYATTRIBUTES.OBJ
E:\DOWNLOADS\PARALLEL\READ AND SAVE  IMAGE\DEBUG\MAIN.OBJ
E:\DOWNLOADS\PARALLEL\READ AND SAVE  IMAGE\DEBUG\READ AND SAVE  IMAGE.EXE.INTERMEDIATE.MANIFEST
E:\DOWNLOADS\PARALLEL\READ AND SAVE  IMAGE\DEBUG\VC100.PDB
