C:\USERS\AMIN\DOCUMENTS\VISUAL STUDIO 2010\PROJECTS\FUNCTIO\DEBUG\FUNCTIO.EXE
C:\USERS\AMIN\DOCUMENTS\VISUAL STUDIO 2010\PROJECTS\FUNCTIO\DEBUG\FUNCTIO.ILK
C:\USERS\AMIN\DOCUMENTS\VISUAL STUDIO 2010\PROJECTS\FUNCTIO\DEBUG\FUNCTIO.PDB
C:\USERS\AMIN\DOCUMENTS\VISUAL STUDIO 2010\PROJECTS\FUNCTIO\FUNCTIO\DEBUG\.NETFRAMEWORK,VERSION=V4.0.ASSEMBLYATTRIBUTES.OBJ
C:\USERS\AMIN\DOCUMENTS\VISUAL STUDIO 2010\PROJECTS\FUNCTIO\FUNCTIO\DEBUG\FUNCTIO.EXE.EMBED.MANIFEST
C:\USERS\AMIN\DOCUMENTS\VISUAL STUDIO 2010\PROJECTS\FUNCTIO\FUNCTIO\DEBUG\FUNCTIO.EXE.EMBED.MANIFEST.RES
C:\USERS\AMIN\DOCUMENTS\VISUAL STUDIO 2010\PROJECTS\FUNCTIO\FUNCTIO\DEBUG\FUNCTIO.EXE.INTERMEDIATE.MANIFEST
C:\USERS\AMIN\DOCUMENTS\VISUAL STUDIO 2010\PROJECTS\FUNCTIO\FUNCTIO\DEBUG\MAIN.OBJ
C:\USERS\AMIN\DOCUMENTS\VISUAL STUDIO 2010\PROJECTS\FUNCTIO\FUNCTIO\DEBUG\VC100.PDB
C:\USERS\SALAH\DESKTOP\FUNCTIO\DEBUG\FUNCTIO.EXE
C:\USERS\SALAH\DESKTOP\FUNCTIO\DEBUG\FUNCTIO.ILK
C:\USERS\SALAH\DESKTOP\FUNCTIO\DEBUG\FUNCTIO.PDB
C:\USERS\SALAH\DESKTOP\FUNCTIO\FUNCTIO\DEBUG\.NETFRAMEWORK,VERSION=V4.0.ASSEMBLYATTRIBUTES.OBJ
C:\USERS\SALAH\DESKTOP\FUNCTIO\FUNCTIO\DEBUG\FUNCTIO.EXE.INTERMEDIATE.MANIFEST
C:\USERS\SALAH\DESKTOP\FUNCTIO\FUNCTIO\DEBUG\MAIN.OBJ
C:\USERS\SALAH\DESKTOP\FUNCTIO\FUNCTIO\DEBUG\VC100.PDB
E:\Collection\Programming Backup\My Projects\College Work\4th Year\2nd Semester\DC Project\Downloads\functio\functio\Debug\.NETFramework,Version=v4.0.AssemblyAttributes.obj
E:\Collection\Programming Backup\My Projects\College Work\4th Year\2nd Semester\DC Project\Downloads\functio\functio\Debug\cl.command.1.tlog
E:\Collection\Programming Backup\My Projects\College Work\4th Year\2nd Semester\DC Project\Downloads\functio\functio\Debug\CL.read.1.tlog
E:\Collection\Programming Backup\My Projects\College Work\4th Year\2nd Semester\DC Project\Downloads\functio\functio\Debug\CL.write.1.tlog
E:\Collection\Programming Backup\My Projects\College Work\4th Year\2nd Semester\DC Project\Downloads\functio\functio\Debug\functio.exe.embed.manifest
E:\Collection\Programming Backup\My Projects\College Work\4th Year\2nd Semester\DC Project\Downloads\functio\functio\Debug\functio.exe.embed.manifest.res
E:\Collection\Programming Backup\My Projects\College Work\4th Year\2nd Semester\DC Project\Downloads\functio\functio\Debug\functio.exe.intermediate.manifest
E:\Collection\Programming Backup\My Projects\College Work\4th Year\2nd Semester\DC Project\Downloads\functio\functio\Debug\functio_manifest.rc
E:\Collection\Programming Backup\My Projects\College Work\4th Year\2nd Semester\DC Project\Downloads\functio\functio\Debug\link.13432.read.1.tlog
E:\Collection\Programming Backup\My Projects\College Work\4th Year\2nd Semester\DC Project\Downloads\functio\functio\Debug\link.13432.write.1.tlog
E:\Collection\Programming Backup\My Projects\College Work\4th Year\2nd Semester\DC Project\Downloads\functio\functio\Debug\link.14428.read.1.tlog
E:\Collection\Programming Backup\My Projects\College Work\4th Year\2nd Semester\DC Project\Downloads\functio\functio\Debug\link.14428.write.1.tlog
E:\Collection\Programming Backup\My Projects\College Work\4th Year\2nd Semester\DC Project\Downloads\functio\functio\Debug\link.14436.read.1.tlog
E:\Collection\Programming Backup\My Projects\College Work\4th Year\2nd Semester\DC Project\Downloads\functio\functio\Debug\link.14436.write.1.tlog
E:\Collection\Programming Backup\My Projects\College Work\4th Year\2nd Semester\DC Project\Downloads\functio\functio\Debug\link.14608.read.1.tlog
E:\Collection\Programming Backup\My Projects\College Work\4th Year\2nd Semester\DC Project\Downloads\functio\functio\Debug\link.14608.write.1.tlog
E:\Collection\Programming Backup\My Projects\College Work\4th Year\2nd Semester\DC Project\Downloads\functio\functio\Debug\link.15852.read.1.tlog
E:\Collection\Programming Backup\My Projects\College Work\4th Year\2nd Semester\DC Project\Downloads\functio\functio\Debug\link.15852.write.1.tlog
E:\Collection\Programming Backup\My Projects\College Work\4th Year\2nd Semester\DC Project\Downloads\functio\functio\Debug\link.16096.read.1.tlog
E:\Collection\Programming Backup\My Projects\College Work\4th Year\2nd Semester\DC Project\Downloads\functio\functio\Debug\link.16096.write.1.tlog
E:\Collection\Programming Backup\My Projects\College Work\4th Year\2nd Semester\DC Project\Downloads\functio\functio\Debug\link.16260.read.1.tlog
E:\Collection\Programming Backup\My Projects\College Work\4th Year\2nd Semester\DC Project\Downloads\functio\functio\Debug\link.16260.write.1.tlog
E:\Collection\Programming Backup\My Projects\College Work\4th Year\2nd Semester\DC Project\Downloads\functio\functio\Debug\link.1632.read.1.tlog
E:\Collection\Programming Backup\My Projects\College Work\4th Year\2nd Semester\DC Project\Downloads\functio\functio\Debug\link.1632.write.1.tlog
E:\Collection\Programming Backup\My Projects\College Work\4th Year\2nd Semester\DC Project\Downloads\functio\functio\Debug\link.228.read.1.tlog
E:\Collection\Programming Backup\My Projects\College Work\4th Year\2nd Semester\DC Project\Downloads\functio\functio\Debug\link.228.write.1.tlog
E:\Collection\Programming Backup\My Projects\College Work\4th Year\2nd Semester\DC Project\Downloads\functio\functio\Debug\link.2328.read.1.tlog
E:\Collection\Programming Backup\My Projects\College Work\4th Year\2nd Semester\DC Project\Downloads\functio\functio\Debug\link.2328.write.1.tlog
E:\Collection\Programming Backup\My Projects\College Work\4th Year\2nd Semester\DC Project\Downloads\functio\functio\Debug\link.2368.read.1.tlog
E:\Collection\Programming Backup\My Projects\College Work\4th Year\2nd Semester\DC Project\Downloads\functio\functio\Debug\link.2368.write.1.tlog
E:\Collection\Programming Backup\My Projects\College Work\4th Year\2nd Semester\DC Project\Downloads\functio\functio\Debug\link.2784.read.1.tlog
E:\Collection\Programming Backup\My Projects\College Work\4th Year\2nd Semester\DC Project\Downloads\functio\functio\Debug\link.2784.write.1.tlog
E:\Collection\Programming Backup\My Projects\College Work\4th Year\2nd Semester\DC Project\Downloads\functio\functio\Debug\link.2968.read.1.tlog
E:\Collection\Programming Backup\My Projects\College Work\4th Year\2nd Semester\DC Project\Downloads\functio\functio\Debug\link.2968.write.1.tlog
E:\Collection\Programming Backup\My Projects\College Work\4th Year\2nd Semester\DC Project\Downloads\functio\functio\Debug\link.3352.read.1.tlog
E:\Collection\Programming Backup\My Projects\College Work\4th Year\2nd Semester\DC Project\Downloads\functio\functio\Debug\link.3352.write.1.tlog
E:\Collection\Programming Backup\My Projects\College Work\4th Year\2nd Semester\DC Project\Downloads\functio\functio\Debug\link.3564.read.1.tlog
E:\Collection\Programming Backup\My Projects\College Work\4th Year\2nd Semester\DC Project\Downloads\functio\functio\Debug\link.3564.write.1.tlog
E:\Collection\Programming Backup\My Projects\College Work\4th Year\2nd Semester\DC Project\Downloads\functio\functio\Debug\link.3604.read.1.tlog
E:\Collection\Programming Backup\My Projects\College Work\4th Year\2nd Semester\DC Project\Downloads\functio\functio\Debug\link.3604.write.1.tlog
E:\Collection\Programming Backup\My Projects\College Work\4th Year\2nd Semester\DC Project\Downloads\functio\functio\Debug\link.3696.read.1.tlog
E:\Collection\Programming Backup\My Projects\College Work\4th Year\2nd Semester\DC Project\Downloads\functio\functio\Debug\link.3696.write.1.tlog
E:\Collection\Programming Backup\My Projects\College Work\4th Year\2nd Semester\DC Project\Downloads\functio\functio\Debug\link.3872.read.1.tlog
E:\Collection\Programming Backup\My Projects\College Work\4th Year\2nd Semester\DC Project\Downloads\functio\functio\Debug\link.3872.write.1.tlog
E:\Collection\Programming Backup\My Projects\College Work\4th Year\2nd Semester\DC Project\Downloads\functio\functio\Debug\link.4092.read.1.tlog
E:\Collection\Programming Backup\My Projects\College Work\4th Year\2nd Semester\DC Project\Downloads\functio\functio\Debug\link.4092.write.1.tlog
E:\Collection\Programming Backup\My Projects\College Work\4th Year\2nd Semester\DC Project\Downloads\functio\functio\Debug\link.4136.read.1.tlog
E:\Collection\Programming Backup\My Projects\College Work\4th Year\2nd Semester\DC Project\Downloads\functio\functio\Debug\link.4136.write.1.tlog
E:\Collection\Programming Backup\My Projects\College Work\4th Year\2nd Semester\DC Project\Downloads\functio\functio\Debug\link.4140.read.1.tlog
E:\Collection\Programming Backup\My Projects\College Work\4th Year\2nd Semester\DC Project\Downloads\functio\functio\Debug\link.4140.write.1.tlog
E:\Collection\Programming Backup\My Projects\College Work\4th Year\2nd Semester\DC Project\Downloads\functio\functio\Debug\link.4164.read.1.tlog
E:\Collection\Programming Backup\My Projects\College Work\4th Year\2nd Semester\DC Project\Downloads\functio\functio\Debug\link.4164.write.1.tlog
E:\Collection\Programming Backup\My Projects\College Work\4th Year\2nd Semester\DC Project\Downloads\functio\functio\Debug\link.4280.read.1.tlog
E:\Collection\Programming Backup\My Projects\College Work\4th Year\2nd Semester\DC Project\Downloads\functio\functio\Debug\link.4280.write.1.tlog
E:\Collection\Programming Backup\My Projects\College Work\4th Year\2nd Semester\DC Project\Downloads\functio\functio\Debug\link.4524.read.1.tlog
E:\Collection\Programming Backup\My Projects\College Work\4th Year\2nd Semester\DC Project\Downloads\functio\functio\Debug\link.4524.write.1.tlog
E:\Collection\Programming Backup\My Projects\College Work\4th Year\2nd Semester\DC Project\Downloads\functio\functio\Debug\link.4564.read.1.tlog
E:\Collection\Programming Backup\My Projects\College Work\4th Year\2nd Semester\DC Project\Downloads\functio\functio\Debug\link.4564.write.1.tlog
E:\Collection\Programming Backup\My Projects\College Work\4th Year\2nd Semester\DC Project\Downloads\functio\functio\Debug\link.4608.read.1.tlog
E:\Collection\Programming Backup\My Projects\College Work\4th Year\2nd Semester\DC Project\Downloads\functio\functio\Debug\link.4608.write.1.tlog
E:\Collection\Programming Backup\My Projects\College Work\4th Year\2nd Semester\DC Project\Downloads\functio\functio\Debug\link.4612.read.1.tlog
E:\Collection\Programming Backup\My Projects\College Work\4th Year\2nd Semester\DC Project\Downloads\functio\functio\Debug\link.4612.write.1.tlog
E:\Collection\Programming Backup\My Projects\College Work\4th Year\2nd Semester\DC Project\Downloads\functio\functio\Debug\link.4640.read.1.tlog
E:\Collection\Programming Backup\My Projects\College Work\4th Year\2nd Semester\DC Project\Downloads\functio\functio\Debug\link.4640.write.1.tlog
E:\Collection\Programming Backup\My Projects\College Work\4th Year\2nd Semester\DC Project\Downloads\functio\functio\Debug\link.4656.read.1.tlog
E:\Collection\Programming Backup\My Projects\College Work\4th Year\2nd Semester\DC Project\Downloads\functio\functio\Debug\link.4656.write.1.tlog
E:\Collection\Programming Backup\My Projects\College Work\4th Year\2nd Semester\DC Project\Downloads\functio\functio\Debug\link.4712.read.1.tlog
E:\Collection\Programming Backup\My Projects\College Work\4th Year\2nd Semester\DC Project\Downloads\functio\functio\Debug\link.4712.write.1.tlog
E:\Collection\Programming Backup\My Projects\College Work\4th Year\2nd Semester\DC Project\Downloads\functio\functio\Debug\link.4744.read.1.tlog
E:\Collection\Programming Backup\My Projects\College Work\4th Year\2nd Semester\DC Project\Downloads\functio\functio\Debug\link.4744.write.1.tlog
E:\Collection\Programming Backup\My Projects\College Work\4th Year\2nd Semester\DC Project\Downloads\functio\functio\Debug\link.488.read.1.tlog
E:\Collection\Programming Backup\My Projects\College Work\4th Year\2nd Semester\DC Project\Downloads\functio\functio\Debug\link.488.write.1.tlog
E:\Collection\Programming Backup\My Projects\College Work\4th Year\2nd Semester\DC Project\Downloads\functio\functio\Debug\link.4924.read.1.tlog
E:\Collection\Programming Backup\My Projects\College Work\4th Year\2nd Semester\DC Project\Downloads\functio\functio\Debug\link.4924.write.1.tlog
E:\Collection\Programming Backup\My Projects\College Work\4th Year\2nd Semester\DC Project\Downloads\functio\functio\Debug\link.5056.read.1.tlog
E:\Collection\Programming Backup\My Projects\College Work\4th Year\2nd Semester\DC Project\Downloads\functio\functio\Debug\link.5056.write.1.tlog
E:\Collection\Programming Backup\My Projects\College Work\4th Year\2nd Semester\DC Project\Downloads\functio\functio\Debug\link.5108.read.1.tlog
E:\Collection\Programming Backup\My Projects\College Work\4th Year\2nd Semester\DC Project\Downloads\functio\functio\Debug\link.5108.write.1.tlog
E:\Collection\Programming Backup\My Projects\College Work\4th Year\2nd Semester\DC Project\Downloads\functio\functio\Debug\link.5264.read.1.tlog
E:\Collection\Programming Backup\My Projects\College Work\4th Year\2nd Semester\DC Project\Downloads\functio\functio\Debug\link.5264.write.1.tlog
E:\Collection\Programming Backup\My Projects\College Work\4th Year\2nd Semester\DC Project\Downloads\functio\functio\Debug\link.5280.read.1.tlog
E:\Collection\Programming Backup\My Projects\College Work\4th Year\2nd Semester\DC Project\Downloads\functio\functio\Debug\link.5280.write.1.tlog
E:\Collection\Programming Backup\My Projects\College Work\4th Year\2nd Semester\DC Project\Downloads\functio\functio\Debug\link.5364.read.1.tlog
E:\Collection\Programming Backup\My Projects\College Work\4th Year\2nd Semester\DC Project\Downloads\functio\functio\Debug\link.5364.write.1.tlog
E:\Collection\Programming Backup\My Projects\College Work\4th Year\2nd Semester\DC Project\Downloads\functio\functio\Debug\link.5408.read.1.tlog
E:\Collection\Programming Backup\My Projects\College Work\4th Year\2nd Semester\DC Project\Downloads\functio\functio\Debug\link.5408.write.1.tlog
E:\Collection\Programming Backup\My Projects\College Work\4th Year\2nd Semester\DC Project\Downloads\functio\functio\Debug\link.548.read.1.tlog
E:\Collection\Programming Backup\My Projects\College Work\4th Year\2nd Semester\DC Project\Downloads\functio\functio\Debug\link.548.write.1.tlog
E:\Collection\Programming Backup\My Projects\College Work\4th Year\2nd Semester\DC Project\Downloads\functio\functio\Debug\link.5680.read.1.tlog
E:\Collection\Programming Backup\My Projects\College Work\4th Year\2nd Semester\DC Project\Downloads\functio\functio\Debug\link.5680.write.1.tlog
E:\Collection\Programming Backup\My Projects\College Work\4th Year\2nd Semester\DC Project\Downloads\functio\functio\Debug\link.5740.read.1.tlog
E:\Collection\Programming Backup\My Projects\College Work\4th Year\2nd Semester\DC Project\Downloads\functio\functio\Debug\link.5740.write.1.tlog
E:\Collection\Programming Backup\My Projects\College Work\4th Year\2nd Semester\DC Project\Downloads\functio\functio\Debug\link.5764.read.1.tlog
E:\Collection\Programming Backup\My Projects\College Work\4th Year\2nd Semester\DC Project\Downloads\functio\functio\Debug\link.5764.write.1.tlog
E:\Collection\Programming Backup\My Projects\College Work\4th Year\2nd Semester\DC Project\Downloads\functio\functio\Debug\link.5836.read.1.tlog
E:\Collection\Programming Backup\My Projects\College Work\4th Year\2nd Semester\DC Project\Downloads\functio\functio\Debug\link.5836.write.1.tlog
E:\Collection\Programming Backup\My Projects\College Work\4th Year\2nd Semester\DC Project\Downloads\functio\functio\Debug\link.5992.read.1.tlog
E:\Collection\Programming Backup\My Projects\College Work\4th Year\2nd Semester\DC Project\Downloads\functio\functio\Debug\link.5992.write.1.tlog
E:\Collection\Programming Backup\My Projects\College Work\4th Year\2nd Semester\DC Project\Downloads\functio\functio\Debug\link.5992-cvtres.read.1.tlog
E:\Collection\Programming Backup\My Projects\College Work\4th Year\2nd Semester\DC Project\Downloads\functio\functio\Debug\link.5992-cvtres.write.1.tlog
E:\Collection\Programming Backup\My Projects\College Work\4th Year\2nd Semester\DC Project\Downloads\functio\functio\Debug\link.6156.read.1.tlog
E:\Collection\Programming Backup\My Projects\College Work\4th Year\2nd Semester\DC Project\Downloads\functio\functio\Debug\link.6156.write.1.tlog
E:\Collection\Programming Backup\My Projects\College Work\4th Year\2nd Semester\DC Project\Downloads\functio\functio\Debug\link.6336.read.1.tlog
E:\Collection\Programming Backup\My Projects\College Work\4th Year\2nd Semester\DC Project\Downloads\functio\functio\Debug\link.6336.write.1.tlog
E:\Collection\Programming Backup\My Projects\College Work\4th Year\2nd Semester\DC Project\Downloads\functio\functio\Debug\link.6360.read.1.tlog
E:\Collection\Programming Backup\My Projects\College Work\4th Year\2nd Semester\DC Project\Downloads\functio\functio\Debug\link.6360.write.1.tlog
E:\Collection\Programming Backup\My Projects\College Work\4th Year\2nd Semester\DC Project\Downloads\functio\functio\Debug\link.6400.read.1.tlog
E:\Collection\Programming Backup\My Projects\College Work\4th Year\2nd Semester\DC Project\Downloads\functio\functio\Debug\link.6400.write.1.tlog
E:\Collection\Programming Backup\My Projects\College Work\4th Year\2nd Semester\DC Project\Downloads\functio\functio\Debug\link.6472.read.1.tlog
E:\Collection\Programming Backup\My Projects\College Work\4th Year\2nd Semester\DC Project\Downloads\functio\functio\Debug\link.6472.write.1.tlog
E:\Collection\Programming Backup\My Projects\College Work\4th Year\2nd Semester\DC Project\Downloads\functio\functio\Debug\link.6608.read.1.tlog
E:\Collection\Programming Backup\My Projects\College Work\4th Year\2nd Semester\DC Project\Downloads\functio\functio\Debug\link.6608.write.1.tlog
E:\Collection\Programming Backup\My Projects\College Work\4th Year\2nd Semester\DC Project\Downloads\functio\functio\Debug\link.6672.read.1.tlog
E:\Collection\Programming Backup\My Projects\College Work\4th Year\2nd Semester\DC Project\Downloads\functio\functio\Debug\link.6672.write.1.tlog
E:\Collection\Programming Backup\My Projects\College Work\4th Year\2nd Semester\DC Project\Downloads\functio\functio\Debug\link.6676.read.1.tlog
E:\Collection\Programming Backup\My Projects\College Work\4th Year\2nd Semester\DC Project\Downloads\functio\functio\Debug\link.6676.write.1.tlog
E:\Collection\Programming Backup\My Projects\College Work\4th Year\2nd Semester\DC Project\Downloads\functio\functio\Debug\link.668.read.1.tlog
E:\Collection\Programming Backup\My Projects\College Work\4th Year\2nd Semester\DC Project\Downloads\functio\functio\Debug\link.668.write.1.tlog
E:\Collection\Programming Backup\My Projects\College Work\4th Year\2nd Semester\DC Project\Downloads\functio\functio\Debug\link.6692.read.1.tlog
E:\Collection\Programming Backup\My Projects\College Work\4th Year\2nd Semester\DC Project\Downloads\functio\functio\Debug\link.6692.write.1.tlog
E:\Collection\Programming Backup\My Projects\College Work\4th Year\2nd Semester\DC Project\Downloads\functio\functio\Debug\link.6848.read.1.tlog
E:\Collection\Programming Backup\My Projects\College Work\4th Year\2nd Semester\DC Project\Downloads\functio\functio\Debug\link.6848.write.1.tlog
E:\Collection\Programming Backup\My Projects\College Work\4th Year\2nd Semester\DC Project\Downloads\functio\functio\Debug\link.6868.read.1.tlog
E:\Collection\Programming Backup\My Projects\College Work\4th Year\2nd Semester\DC Project\Downloads\functio\functio\Debug\link.6868.write.1.tlog
E:\Collection\Programming Backup\My Projects\College Work\4th Year\2nd Semester\DC Project\Downloads\functio\functio\Debug\link.6924.read.1.tlog
E:\Collection\Programming Backup\My Projects\College Work\4th Year\2nd Semester\DC Project\Downloads\functio\functio\Debug\link.6924.write.1.tlog
E:\Collection\Programming Backup\My Projects\College Work\4th Year\2nd Semester\DC Project\Downloads\functio\functio\Debug\link.6968.read.1.tlog
E:\Collection\Programming Backup\My Projects\College Work\4th Year\2nd Semester\DC Project\Downloads\functio\functio\Debug\link.6968.write.1.tlog
E:\Collection\Programming Backup\My Projects\College Work\4th Year\2nd Semester\DC Project\Downloads\functio\functio\Debug\link.7004.read.1.tlog
E:\Collection\Programming Backup\My Projects\College Work\4th Year\2nd Semester\DC Project\Downloads\functio\functio\Debug\link.7004.write.1.tlog
E:\Collection\Programming Backup\My Projects\College Work\4th Year\2nd Semester\DC Project\Downloads\functio\functio\Debug\link.7228.read.1.tlog
E:\Collection\Programming Backup\My Projects\College Work\4th Year\2nd Semester\DC Project\Downloads\functio\functio\Debug\link.7228.write.1.tlog
E:\Collection\Programming Backup\My Projects\College Work\4th Year\2nd Semester\DC Project\Downloads\functio\functio\Debug\link.7440.read.1.tlog
E:\Collection\Programming Backup\My Projects\College Work\4th Year\2nd Semester\DC Project\Downloads\functio\functio\Debug\link.7440.write.1.tlog
E:\Collection\Programming Backup\My Projects\College Work\4th Year\2nd Semester\DC Project\Downloads\functio\functio\Debug\link.7460.read.1.tlog
E:\Collection\Programming Backup\My Projects\College Work\4th Year\2nd Semester\DC Project\Downloads\functio\functio\Debug\link.7460.write.1.tlog
E:\Collection\Programming Backup\My Projects\College Work\4th Year\2nd Semester\DC Project\Downloads\functio\functio\Debug\link.748.read.1.tlog
E:\Collection\Programming Backup\My Projects\College Work\4th Year\2nd Semester\DC Project\Downloads\functio\functio\Debug\link.748.write.1.tlog
E:\Collection\Programming Backup\My Projects\College Work\4th Year\2nd Semester\DC Project\Downloads\functio\functio\Debug\link.7584.read.1.tlog
E:\Collection\Programming Backup\My Projects\College Work\4th Year\2nd Semester\DC Project\Downloads\functio\functio\Debug\link.7584.write.1.tlog
E:\Collection\Programming Backup\My Projects\College Work\4th Year\2nd Semester\DC Project\Downloads\functio\functio\Debug\link.7612.read.1.tlog
E:\Collection\Programming Backup\My Projects\College Work\4th Year\2nd Semester\DC Project\Downloads\functio\functio\Debug\link.7612.write.1.tlog
E:\Collection\Programming Backup\My Projects\College Work\4th Year\2nd Semester\DC Project\Downloads\functio\functio\Debug\link.764.read.1.tlog
E:\Collection\Programming Backup\My Projects\College Work\4th Year\2nd Semester\DC Project\Downloads\functio\functio\Debug\link.764.write.1.tlog
E:\Collection\Programming Backup\My Projects\College Work\4th Year\2nd Semester\DC Project\Downloads\functio\functio\Debug\link.7648.read.1.tlog
E:\Collection\Programming Backup\My Projects\College Work\4th Year\2nd Semester\DC Project\Downloads\functio\functio\Debug\link.7648.write.1.tlog
E:\Collection\Programming Backup\My Projects\College Work\4th Year\2nd Semester\DC Project\Downloads\functio\functio\Debug\link.7672.read.1.tlog
E:\Collection\Programming Backup\My Projects\College Work\4th Year\2nd Semester\DC Project\Downloads\functio\functio\Debug\link.7672.write.1.tlog
E:\Collection\Programming Backup\My Projects\College Work\4th Year\2nd Semester\DC Project\Downloads\functio\functio\Debug\link.7756.read.1.tlog
E:\Collection\Programming Backup\My Projects\College Work\4th Year\2nd Semester\DC Project\Downloads\functio\functio\Debug\link.7756.write.1.tlog
E:\Collection\Programming Backup\My Projects\College Work\4th Year\2nd Semester\DC Project\Downloads\functio\functio\Debug\link.7816.read.1.tlog
E:\Collection\Programming Backup\My Projects\College Work\4th Year\2nd Semester\DC Project\Downloads\functio\functio\Debug\link.7816.write.1.tlog
E:\Collection\Programming Backup\My Projects\College Work\4th Year\2nd Semester\DC Project\Downloads\functio\functio\Debug\link.8092.read.1.tlog
E:\Collection\Programming Backup\My Projects\College Work\4th Year\2nd Semester\DC Project\Downloads\functio\functio\Debug\link.8092.write.1.tlog
E:\Collection\Programming Backup\My Projects\College Work\4th Year\2nd Semester\DC Project\Downloads\functio\functio\Debug\link.8184.read.1.tlog
E:\Collection\Programming Backup\My Projects\College Work\4th Year\2nd Semester\DC Project\Downloads\functio\functio\Debug\link.8184.write.1.tlog
E:\Collection\Programming Backup\My Projects\College Work\4th Year\2nd Semester\DC Project\Downloads\functio\functio\Debug\link.8708.read.1.tlog
E:\Collection\Programming Backup\My Projects\College Work\4th Year\2nd Semester\DC Project\Downloads\functio\functio\Debug\link.8708.write.1.tlog
E:\Collection\Programming Backup\My Projects\College Work\4th Year\2nd Semester\DC Project\Downloads\functio\functio\Debug\link.command.1.tlog
E:\Collection\Programming Backup\My Projects\College Work\4th Year\2nd Semester\DC Project\Downloads\functio\functio\Debug\link.read.1.tlog
E:\Collection\Programming Backup\My Projects\College Work\4th Year\2nd Semester\DC Project\Downloads\functio\functio\Debug\link.write.1.tlog
E:\Collection\Programming Backup\My Projects\College Work\4th Year\2nd Semester\DC Project\Downloads\functio\functio\Debug\link-cvtres.read.1.tlog
E:\Collection\Programming Backup\My Projects\College Work\4th Year\2nd Semester\DC Project\Downloads\functio\functio\Debug\link-cvtres.write.1.tlog
E:\Collection\Programming Backup\My Projects\College Work\4th Year\2nd Semester\DC Project\Downloads\functio\functio\Debug\Main.obj
E:\Collection\Programming Backup\My Projects\College Work\4th Year\2nd Semester\DC Project\Downloads\functio\functio\Debug\metagen.read.1.tlog
E:\Collection\Programming Backup\My Projects\College Work\4th Year\2nd Semester\DC Project\Downloads\functio\functio\Debug\metagen.write.1.tlog
E:\Collection\Programming Backup\My Projects\College Work\4th Year\2nd Semester\DC Project\Downloads\functio\functio\Debug\mt.command.1.tlog
E:\Collection\Programming Backup\My Projects\College Work\4th Year\2nd Semester\DC Project\Downloads\functio\functio\Debug\mt.read.1.tlog
E:\Collection\Programming Backup\My Projects\College Work\4th Year\2nd Semester\DC Project\Downloads\functio\functio\Debug\mt.write.1.tlog
E:\Collection\Programming Backup\My Projects\College Work\4th Year\2nd Semester\DC Project\Downloads\functio\functio\Debug\rc.command.1.tlog
E:\Collection\Programming Backup\My Projects\College Work\4th Year\2nd Semester\DC Project\Downloads\functio\functio\Debug\rc.read.1.tlog
E:\Collection\Programming Backup\My Projects\College Work\4th Year\2nd Semester\DC Project\Downloads\functio\functio\Debug\rc.write.1.tlog
E:\Collection\Programming Backup\My Projects\College Work\4th Year\2nd Semester\DC Project\Downloads\functio\functio\Debug\RSAENH.DLL.bi
E:\Collection\Programming Backup\My Projects\College Work\4th Year\2nd Semester\DC Project\Downloads\functio\functio\Debug\TZRES.DLL.bi
E:\Collection\Programming Backup\My Projects\College Work\4th Year\2nd Semester\DC Project\Downloads\functio\functio\Debug\vc100.idb
E:\Collection\Programming Backup\My Projects\College Work\4th Year\2nd Semester\DC Project\Downloads\functio\functio\Debug\vc100.pdb
E:\DOWNLOADS\FUNCTIO\DEBUG\FUNCTIO.EXE
E:\DOWNLOADS\FUNCTIO\DEBUG\FUNCTIO.ILK
E:\DOWNLOADS\FUNCTIO\DEBUG\FUNCTIO.PDB
E:\DOWNLOADS\FUNCTIO\FUNCTIO\DEBUG\.NETFRAMEWORK,VERSION=V4.0.ASSEMBLYATTRIBUTES.OBJ
E:\DOWNLOADS\FUNCTIO\FUNCTIO\DEBUG\FUNCTIO.EXE.INTERMEDIATE.MANIFEST
E:\DOWNLOADS\FUNCTIO\FUNCTIO\DEBUG\MAIN.OBJ
E:\DOWNLOADS\FUNCTIO\FUNCTIO\DEBUG\VC100.PDB
